#
# There is insufficient memory for the Java Runtime Environment to continue.
# Native memory allocation (mmap) failed to map 49283072 bytes for Failed to commit area from 0x00000000b8d00000 to 0x00000000bbc00000 of length 49283072.
# Possible reasons:
#   The system is out of physical RAM or swap space
#   The process is running with CompressedOops enabled, and the Java Heap may be blocking the growth of the native heap
# Possible solutions:
#   Reduce memory load on the system
#   Increase physical memory or swap space
#   Check if swap backing store is full
#   Decrease Java heap size (-Xmx/-Xms)
#   Decrease number of Java threads
#   Decrease Java thread stack sizes (-Xss)
#   Set larger code cache with -XX:ReservedCodeCacheSize=
#   JVM is running with Unscaled Compressed Oops mode in which the Java heap is
#     placed in the first 4GB address space. The Java Heap base address is the
#     maximum limit for the native heap growth. Please use -XX:HeapBaseMinAddress
#     to set the Java Heap base and to place the Java Heap above 4GB virtual address.
# This output file may be truncated or incomplete.
#
#  Out of Memory Error (./open/src/hotspot/os/windows/os_windows.cpp:3315), pid=2672, tid=25716
#
# JRE version: Java(TM) SE Runtime Environment (14.0.1+7) (build 14.0.1+7)
# Java VM: Java HotSpot(TM) 64-Bit Server VM (14.0.1+7, mixed mode, sharing, tiered, compressed oops, g1 gc, windows-amd64)
# No core dump will be written. Minidumps are not enabled by default on client versions of Windows
#

---------------  S U M M A R Y ------------

Command Line: -Dfile.encoding=UTF-8 bank.Authentication

Host: AMD Ryzen 5 3500U with Radeon Vega Mobile Gfx  , 8 cores, 5G,  Windows 10 , 64 bit Build 18362 (10.0.18362.959)
Time: Sat Sep  5 13:19:48 2020 E. Africa Standard Time elapsed time: 264 seconds (0d 0h 4m 24s)

---------------  T H R E A D  ---------------

Current thread (0x000002d8adb83000):  VMThread "VM Thread" [stack: 0x000000f0e7a00000,0x000000f0e7b00000] [id=25716]

Stack: [0x000000f0e7a00000,0x000000f0e7b00000]
[error occurred during error reporting (printing stack bounds), id 0xc0000005, EXCEPTION_ACCESS_VIOLATION (0xc0000005) at pc=0x000002d8986310ad]

Native frames: (J=compiled Java code, j=interpreted, Vv=VM code, C=native code)
V  [jvm.dll+0x5f840a]
V  [jvm.dll+0x741e4a]
V  [jvm.dll+0x7435ff]
V  [jvm.dll+0x743ba5]
V  [jvm.dll+0x743b5b]
V  [jvm.dll+0x5f793f]
V  [jvm.dll+0x5f80a8]
C  [ntdll.dll+0xa11cf]
C  [ntdll.dll+0x6a209]
C  [ntdll.dll+0x9fe3e]
C  0x000002d8986310ad

VM_Operation (0x000000f0e76ff4b0): G1Concurrent, mode: safepoint, requested by thread 0x000002d88fed0800


---------------  P R O C E S S  ---------------

Threads class SMR info:
_java_thread_list=0x000002d8b56334d0, length=18, elements={
0x000002d8adb89000, 0x000002d8adb8a000, 0x000002d8adb9f000, 0x000002d8adba2800,
0x000002d8adba4000, 0x000002d8adbb5000, 0x000002d8adbaa800, 0x000002d8adbd2000,
0x000002d8ae60d800, 0x000002d8ae615800, 0x000002d8ae823800, 0x000002d8ae867800,
0x000002d8ae84d800, 0x000002d8af3d5800, 0x000002d88fe89800, 0x000002d8af9e3800,
0x000002d8afa5c000, 0x000002d8ae51a800
}

Java Threads: ( => current thread )
  0x000002d8adb89000 JavaThread "Reference Handler" daemon [_thread_blocked, id=22160, stack(0x000000f0e7b00000,0x000000f0e7c00000)]
  0x000002d8adb8a000 JavaThread "Finalizer" daemon [_thread_blocked, id=5664, stack(0x000000f0e7c00000,0x000000f0e7d00000)]
  0x000002d8adb9f000 JavaThread "Signal Dispatcher" daemon [_thread_blocked, id=21480, stack(0x000000f0e7d00000,0x000000f0e7e00000)]
  0x000002d8adba2800 JavaThread "Attach Listener" daemon [_thread_blocked, id=10344, stack(0x000000f0e7e00000,0x000000f0e7f00000)]
  0x000002d8adba4000 JavaThread "Service Thread" daemon [_thread_blocked, id=6644, stack(0x000000f0e7f00000,0x000000f0e8000000)]
  0x000002d8adbb5000 JavaThread "C2 CompilerThread0" daemon [_thread_blocked, id=15820, stack(0x000000f0e8000000,0x000000f0e8100000)]
  0x000002d8adbaa800 JavaThread "C1 CompilerThread0" daemon [_thread_blocked, id=15776, stack(0x000000f0e8100000,0x000000f0e8200000)]
  0x000002d8adbd2000 JavaThread "Sweeper thread" daemon [_thread_blocked, id=15892, stack(0x000000f0e8200000,0x000000f0e8300000)]
  0x000002d8ae60d800 JavaThread "Notification Thread" daemon [_thread_blocked, id=12896, stack(0x000000f0e8300000,0x000000f0e8400000)]
  0x000002d8ae615800 JavaThread "Common-Cleaner" daemon [_thread_blocked, id=22684, stack(0x000000f0e8500000,0x000000f0e8600000)]
  0x000002d8ae823800 JavaThread "Java2D Disposer" daemon [_thread_blocked, id=25548, stack(0x000000f0e8600000,0x000000f0e8700000)]
  0x000002d8ae867800 JavaThread "AWT-Shutdown" [_thread_blocked, id=656, stack(0x000000f0e8700000,0x000000f0e8800000)]
  0x000002d8ae84d800 JavaThread "AWT-Windows" daemon [_thread_blocked, id=13840, stack(0x000000f0e8800000,0x000000f0e8900000)]
  0x000002d8af3d5800 JavaThread "AWT-EventQueue-0" [_thread_in_native, id=13092, stack(0x000000f0e8900000,0x000000f0e8a00000)]
  0x000002d88fe89800 JavaThread "DestroyJavaVM" [_thread_blocked, id=22416, stack(0x000000f0e7400000,0x000000f0e7500000)]
  0x000002d8af9e3800 JavaThread "D3D Screen Updater" daemon [_thread_blocked, id=26736, stack(0x000000f0e9500000,0x000000f0e9600000)]
  0x000002d8afa5c000 JavaThread "TimerQueue" daemon [_thread_blocked, id=14476, stack(0x000000f0e9400000,0x000000f0e9500000)]
  0x000002d8ae51a800 JavaThread "Thread-0" [_thread_in_native, id=30568, stack(0x000000f0e9300000,0x000000f0e9400000)]

Other Threads:
=>0x000002d8adb83000 VMThread "VM Thread" [stack: 0x000000f0e7a00000,0x000000f0e7b00000] [id=25716]
  0x000002d8ae60f800 WatcherThread [stack: 0x000000f0e8400000,0x000000f0e8500000] [id=29912]
  0x000002d88fec2000 GCTaskThread "GC Thread#0" [stack: 0x000000f0e7500000,0x000000f0e7600000] [id=17136]
  0x000002d8b5727800 GCTaskThread "GC Thread#1" [stack: 0x000000f0e9800000,0x000000f0e9900000] [id=21312]
  0x000002d8b5728000 GCTaskThread "GC Thread#2" [stack: 0x000000f0e9900000,0x000000f0e9a00000] [id=18516]
  0x000002d8b5729000 GCTaskThread "GC Thread#3" [stack: 0x000000f0e9a00000,0x000000f0e9b00000] [id=15748]
  0x000002d8b5729800 GCTaskThread "GC Thread#4" [stack: 0x000000f0e9b00000,0x000000f0e9c00000] [id=22104]
  0x000002d8b5ba6000 GCTaskThread "GC Thread#5" [stack: 0x000000f0e9c00000,0x000000f0e9d00000] [id=30392]
  0x000002d8b5ba7800 GCTaskThread "GC Thread#6" [stack: 0x000000f0e9d00000,0x000000f0e9e00000] [id=2476]
  0x000002d8b5ba8800 GCTaskThread "GC Thread#7" [stack: 0x000000f0e9e00000,0x000000f0e9f00000] [id=4816]
  0x000002d88fed0800 ConcurrentGCThread "G1 Main Marker" [stack: 0x000000f0e7600000,0x000000f0e7700000] [id=15724]
  0x000002d88fed3800 ConcurrentGCThread "G1 Conc#0" [stack: 0x000000f0e7700000,0x000000f0e7800000] [id=4260]
  0x000002d8b576f800 ConcurrentGCThread "G1 Conc#1" [stack: 0x000000f0e9600000,0x000000f0e9700000] [id=25428]
  0x000002d88ff55800 ConcurrentGCThread "G1 Refine#0" [stack: 0x000000f0e7800000,0x000000f0e7900000] [id=28900]
  0x000002d8ae813800 ConcurrentGCThread "G1 Refine#1" [stack: 0x000000f0e9f00000,0x000000f0ea000000] [id=14732]
  0x000002d8ae8f3000 ConcurrentGCThread "G1 Refine#2" [stack: 0x000000f0ea000000,0x000000f0ea100000] [id=28480]
  0x000002d88ff57000 ConcurrentGCThread "G1 Young RemSet Sampling" [stack: 0x000000f0e7900000,0x000000f0e7a00000] [id=9600]

Threads with active compile tasks:
C2 CompilerThread0   265027 5155 %s    4       sun.java2d.loops.GraphicsPrimitiveMgr::locatePrim @ 12 (95 bytes)

VM state:at safepoint (normal execution)

VM Mutex/Monitor currently owned by a thread:  ([mutex/lock_event])
[0x000002d88ddc3280] Threads_lock - owner thread: 0x000002d8adb83000
[0x000002d88ddc2c50] Heap_lock - owner thread: 0x000002d88fed0800

Heap address: 0x00000000a1e00000, size: 1506 MB, Compressed Oops mode: 32-bit
Narrow klass base: 0x0000000800000000, Narrow klass shift: 3
Compressed class space size: 1073741824 Address: 0x0000000800b30000

Heap:
 garbage-first heap   total 423936K, used 252543K [0x00000000a1e00000, 0x0000000100000000)
  region size 1024K, 18 young (18432K), 9 survivors (9216K)
 Metaspace       used 14342K, capacity 14621K, committed 14976K, reserved 1062912K
  class space    used 1410K, capacity 1546K, committed 1664K, reserved 1048576K
Heap Regions: E=young(eden), S=young(survivor), O=old, HS=humongous(starts), HC=humongous(continues), CS=collection set, F=free, OA=open archive, CA=closed archive, TAMS=top-at-mark-start (previous, next)
|   0|0x00000000a1e00000, 0x00000000a1f00000, 0x00000000a1f00000|100%| O|  |TAMS 0x00000000a1f00000, 0x00000000a1e00000| Updating 
|   1|0x00000000a1f00000, 0x00000000a2000000, 0x00000000a2000000|100%| O|  |TAMS 0x00000000a2000000, 0x00000000a1f00000| Updating 
|   2|0x00000000a2000000, 0x00000000a2100000, 0x00000000a2100000|100%| O|  |TAMS 0x00000000a2100000, 0x00000000a2000000| Updating 
|   3|0x00000000a2100000, 0x00000000a2200000, 0x00000000a2200000|100%| O|  |TAMS 0x00000000a2200000, 0x00000000a2100000| Updating 
|   4|0x00000000a2200000, 0x00000000a2300000, 0x00000000a2300000|100%| O|  |TAMS 0x00000000a2300000, 0x00000000a2200000| Updating 
|   5|0x00000000a2300000, 0x00000000a2400000, 0x00000000a2400000|100%| O|  |TAMS 0x00000000a2400000, 0x00000000a2300000| Updating 
|   6|0x00000000a2400000, 0x00000000a2500000, 0x00000000a2500000|100%| O|  |TAMS 0x00000000a2500000, 0x00000000a2400000| Updating 
|   7|0x00000000a2500000, 0x00000000a2600000, 0x00000000a2600000|100%| O|  |TAMS 0x00000000a2600000, 0x00000000a2500000| Updating 
|   8|0x00000000a2600000, 0x00000000a2700000, 0x00000000a2700000|100%| O|  |TAMS 0x00000000a2700000, 0x00000000a2600000| Updating 
|   9|0x00000000a2700000, 0x00000000a2800000, 0x00000000a2800000|100%| O|  |TAMS 0x00000000a2800000, 0x00000000a2700000| Updating 
|  10|0x00000000a2800000, 0x00000000a2900000, 0x00000000a2900000|100%| O|  |TAMS 0x00000000a2900000, 0x00000000a2800000| Updating 
|  11|0x00000000a2900000, 0x00000000a2a00000, 0x00000000a2a00000|100%| O|  |TAMS 0x00000000a2a00000, 0x00000000a2900000| Updating 
|  12|0x00000000a2a00000, 0x00000000a2b00000, 0x00000000a2b00000|100%| O|  |TAMS 0x00000000a2b00000, 0x00000000a2a00000| Updating 
|  13|0x00000000a2b00000, 0x00000000a2c00000, 0x00000000a2c00000|100%| O|  |TAMS 0x00000000a2c00000, 0x00000000a2b00000| Updating 
|  14|0x00000000a2c00000, 0x00000000a2d00000, 0x00000000a2d00000|100%| O|  |TAMS 0x00000000a2d00000, 0x00000000a2c00000| Updating 
|  15|0x00000000a2d00000, 0x00000000a2e00000, 0x00000000a2e00000|100%| O|  |TAMS 0x00000000a2e00000, 0x00000000a2d00000| Updating 
|  16|0x00000000a2e00000, 0x00000000a2f00000, 0x00000000a2f00000|100%| O|  |TAMS 0x00000000a2f00000, 0x00000000a2e00000| Updating 
|  17|0x00000000a2f00000, 0x00000000a3000000, 0x00000000a3000000|100%| O|  |TAMS 0x00000000a3000000, 0x00000000a2f00000| Updating 
|  18|0x00000000a3000000, 0x00000000a3100000, 0x00000000a3100000|100%| O|  |TAMS 0x00000000a3100000, 0x00000000a3000000| Updating 
|  19|0x00000000a3100000, 0x00000000a3200000, 0x00000000a3200000|100%| O|  |TAMS 0x00000000a3200000, 0x00000000a3100000| Updating 
|  20|0x00000000a3200000, 0x00000000a3300000, 0x00000000a3300000|100%| O|  |TAMS 0x00000000a3300000, 0x00000000a3200000| Updating 
|  21|0x00000000a3300000, 0x00000000a3400000, 0x00000000a3400000|100%| O|  |TAMS 0x00000000a3400000, 0x00000000a3300000| Updating 
|  22|0x00000000a3400000, 0x00000000a3500000, 0x00000000a3500000|100%| O|  |TAMS 0x00000000a3500000, 0x00000000a3400000| Updating 
|  23|0x00000000a3500000, 0x00000000a3600000, 0x00000000a3600000|100%| O|  |TAMS 0x00000000a3600000, 0x00000000a3500000| Updating 
|  24|0x00000000a3600000, 0x00000000a3700000, 0x00000000a3700000|100%| O|  |TAMS 0x00000000a3700000, 0x00000000a3600000| Updating 
|  25|0x00000000a3700000, 0x00000000a3800000, 0x00000000a3800000|100%| O|  |TAMS 0x00000000a3800000, 0x00000000a3700000| Updating 
|  26|0x00000000a3800000, 0x00000000a3900000, 0x00000000a3900000|100%| O|  |TAMS 0x00000000a3900000, 0x00000000a3800000| Updating 
|  27|0x00000000a3900000, 0x00000000a3a00000, 0x00000000a3a00000|100%| O|  |TAMS 0x00000000a3a00000, 0x00000000a3900000| Updating 
|  28|0x00000000a3a00000, 0x00000000a3b00000, 0x00000000a3b00000|100%| O|  |TAMS 0x00000000a3b00000, 0x00000000a3a00000| Updating 
|  29|0x00000000a3b00000, 0x00000000a3c00000, 0x00000000a3c00000|100%| O|  |TAMS 0x00000000a3c00000, 0x00000000a3b00000| Updating 
|  30|0x00000000a3c00000, 0x00000000a3d00000, 0x00000000a3d00000|100%| O|  |TAMS 0x00000000a3d00000, 0x00000000a3c00000| Updating 
|  31|0x00000000a3d00000, 0x00000000a3e00000, 0x00000000a3e00000|100%| O|  |TAMS 0x00000000a3e00000, 0x00000000a3d00000| Updating 
|  32|0x00000000a3e00000, 0x00000000a3f00000, 0x00000000a3f00000|100%| O|  |TAMS 0x00000000a3f00000, 0x00000000a3e00000| Updating 
|  33|0x00000000a3f00000, 0x00000000a4000000, 0x00000000a4000000|100%| O|  |TAMS 0x00000000a4000000, 0x00000000a3f00000| Updating 
|  34|0x00000000a4000000, 0x00000000a4100000, 0x00000000a4100000|100%| O|  |TAMS 0x00000000a4100000, 0x00000000a4000000| Updating 
|  35|0x00000000a4100000, 0x00000000a4200000, 0x00000000a4200000|100%| O|  |TAMS 0x00000000a4200000, 0x00000000a4100000| Updating 
|  36|0x00000000a4200000, 0x00000000a4300000, 0x00000000a4300000|100%| O|  |TAMS 0x00000000a4300000, 0x00000000a4200000| Updating 
|  37|0x00000000a4300000, 0x00000000a4400000, 0x00000000a4400000|100%| O|  |TAMS 0x00000000a4400000, 0x00000000a4300000| Updating 
|  38|0x00000000a4400000, 0x00000000a4500000, 0x00000000a4500000|100%| O|  |TAMS 0x00000000a4500000, 0x00000000a4400000| Updating 
|  39|0x00000000a4500000, 0x00000000a4600000, 0x00000000a4600000|100%| O|  |TAMS 0x00000000a4600000, 0x00000000a4500000| Updating 
|  40|0x00000000a4600000, 0x00000000a4700000, 0x00000000a4700000|100%| O|  |TAMS 0x00000000a4700000, 0x00000000a4600000| Updating 
|  41|0x00000000a4700000, 0x00000000a4800000, 0x00000000a4800000|100%| O|  |TAMS 0x00000000a4800000, 0x00000000a4700000| Updating 
|  42|0x00000000a4800000, 0x00000000a4900000, 0x00000000a4900000|100%| O|  |TAMS 0x00000000a4900000, 0x00000000a4800000| Updating 
|  43|0x00000000a4900000, 0x00000000a4a00000, 0x00000000a4a00000|100%| O|  |TAMS 0x00000000a4a00000, 0x00000000a4900000| Updating 
|  44|0x00000000a4a00000, 0x00000000a4b00000, 0x00000000a4b00000|100%| O|  |TAMS 0x00000000a4b00000, 0x00000000a4a00000| Updating 
|  45|0x00000000a4b00000, 0x00000000a4c00000, 0x00000000a4c00000|100%| O|  |TAMS 0x00000000a4c00000, 0x00000000a4b00000| Updating 
|  46|0x00000000a4c00000, 0x00000000a4d00000, 0x00000000a4d00000|100%| O|  |TAMS 0x00000000a4d00000, 0x00000000a4c00000| Updating 
|  47|0x00000000a4d00000, 0x00000000a4e00000, 0x00000000a4e00000|100%| O|  |TAMS 0x00000000a4e00000, 0x00000000a4d00000| Updating 
|  48|0x00000000a4e00000, 0x00000000a4f00000, 0x00000000a4f00000|100%| O|  |TAMS 0x00000000a4f00000, 0x00000000a4e00000| Updating 
|  49|0x00000000a4f00000, 0x00000000a5000000, 0x00000000a5000000|100%| O|  |TAMS 0x00000000a5000000, 0x00000000a4f00000| Updating 
|  50|0x00000000a5000000, 0x00000000a5100000, 0x00000000a5100000|100%| O|  |TAMS 0x00000000a5100000, 0x00000000a5000000| Updating 
|  51|0x00000000a5100000, 0x00000000a5200000, 0x00000000a5200000|100%| O|  |TAMS 0x00000000a5200000, 0x00000000a5100000| Updating 
|  52|0x00000000a5200000, 0x00000000a5300000, 0x00000000a5300000|100%| O|  |TAMS 0x00000000a5300000, 0x00000000a5200000| Updating 
|  53|0x00000000a5300000, 0x00000000a5400000, 0x00000000a5400000|100%| O|  |TAMS 0x00000000a5400000, 0x00000000a5300000| Updating 
|  54|0x00000000a5400000, 0x00000000a5500000, 0x00000000a5500000|100%| O|  |TAMS 0x00000000a5500000, 0x00000000a5400000| Updating 
|  55|0x00000000a5500000, 0x00000000a5600000, 0x00000000a5600000|100%| O|  |TAMS 0x00000000a5600000, 0x00000000a5500000| Updating 
|  56|0x00000000a5600000, 0x00000000a5700000, 0x00000000a5700000|100%| O|  |TAMS 0x00000000a5700000, 0x00000000a5600000| Updating 
|  57|0x00000000a5700000, 0x00000000a5800000, 0x00000000a5800000|100%| O|  |TAMS 0x00000000a5800000, 0x00000000a5700000| Updating 
|  58|0x00000000a5800000, 0x00000000a5900000, 0x00000000a5900000|100%| O|  |TAMS 0x00000000a5900000, 0x00000000a5800000| Updating 
|  59|0x00000000a5900000, 0x00000000a5a00000, 0x00000000a5a00000|100%| O|  |TAMS 0x00000000a5a00000, 0x00000000a5900000| Updating 
|  60|0x00000000a5a00000, 0x00000000a5b00000, 0x00000000a5b00000|100%| O|  |TAMS 0x00000000a5b00000, 0x00000000a5a00000| Updating 
|  61|0x00000000a5b00000, 0x00000000a5c00000, 0x00000000a5c00000|100%| O|  |TAMS 0x00000000a5c00000, 0x00000000a5b00000| Updating 
|  62|0x00000000a5c00000, 0x00000000a5d00000, 0x00000000a5d00000|100%| O|  |TAMS 0x00000000a5d00000, 0x00000000a5c00000| Updating 
|  63|0x00000000a5d00000, 0x00000000a5e00000, 0x00000000a5e00000|100%| O|  |TAMS 0x00000000a5e00000, 0x00000000a5d00000| Updating 
|  64|0x00000000a5e00000, 0x00000000a5f00000, 0x00000000a5f00000|100%| O|  |TAMS 0x00000000a5f00000, 0x00000000a5e00000| Updating 
|  65|0x00000000a5f00000, 0x00000000a6000000, 0x00000000a6000000|100%| O|  |TAMS 0x00000000a6000000, 0x00000000a5f00000| Updating 
|  66|0x00000000a6000000, 0x00000000a6100000, 0x00000000a6100000|100%| O|  |TAMS 0x00000000a6100000, 0x00000000a6000000| Updating 
|  67|0x00000000a6100000, 0x00000000a6200000, 0x00000000a6200000|100%| O|  |TAMS 0x00000000a6200000, 0x00000000a6100000| Updating 
|  68|0x00000000a6200000, 0x00000000a6300000, 0x00000000a6300000|100%| O|  |TAMS 0x00000000a6300000, 0x00000000a6200000| Updating 
|  69|0x00000000a6300000, 0x00000000a6400000, 0x00000000a6400000|100%| O|  |TAMS 0x00000000a6400000, 0x00000000a6300000| Updating 
|  70|0x00000000a6400000, 0x00000000a6500000, 0x00000000a6500000|100%| O|  |TAMS 0x00000000a6500000, 0x00000000a6400000| Updating 
|  71|0x00000000a6500000, 0x00000000a6600000, 0x00000000a6600000|100%| O|  |TAMS 0x00000000a6600000, 0x00000000a6500000| Updating 
|  72|0x00000000a6600000, 0x00000000a6700000, 0x00000000a6700000|100%| O|  |TAMS 0x00000000a6700000, 0x00000000a6600000| Updating 
|  73|0x00000000a6700000, 0x00000000a6800000, 0x00000000a6800000|100%| O|  |TAMS 0x00000000a6800000, 0x00000000a6700000| Updating 
|  74|0x00000000a6800000, 0x00000000a6900000, 0x00000000a6900000|100%| O|  |TAMS 0x00000000a6900000, 0x00000000a6800000| Updating 
|  75|0x00000000a6900000, 0x00000000a6a00000, 0x00000000a6a00000|100%| O|  |TAMS 0x00000000a6a00000, 0x00000000a6900000| Updating 
|  76|0x00000000a6a00000, 0x00000000a6b00000, 0x00000000a6b00000|100%| O|  |TAMS 0x00000000a6b00000, 0x00000000a6a00000| Updating 
|  77|0x00000000a6b00000, 0x00000000a6c00000, 0x00000000a6c00000|100%| O|  |TAMS 0x00000000a6c00000, 0x00000000a6b00000| Updating 
|  78|0x00000000a6c00000, 0x00000000a6d00000, 0x00000000a6d00000|100%| O|  |TAMS 0x00000000a6d00000, 0x00000000a6c00000| Updating 
|  79|0x00000000a6d00000, 0x00000000a6e00000, 0x00000000a6e00000|100%| O|  |TAMS 0x00000000a6e00000, 0x00000000a6d00000| Updating 
|  80|0x00000000a6e00000, 0x00000000a6f00000, 0x00000000a6f00000|100%| O|  |TAMS 0x00000000a6f00000, 0x00000000a6e00000| Updating 
|  81|0x00000000a6f00000, 0x00000000a7000000, 0x00000000a7000000|100%| O|  |TAMS 0x00000000a7000000, 0x00000000a6f00000| Updating 
|  82|0x00000000a7000000, 0x00000000a7100000, 0x00000000a7100000|100%| O|  |TAMS 0x00000000a7100000, 0x00000000a7000000| Updating 
|  83|0x00000000a7100000, 0x00000000a7200000, 0x00000000a7200000|100%| O|  |TAMS 0x00000000a7200000, 0x00000000a7100000| Updating 
|  84|0x00000000a7200000, 0x00000000a7300000, 0x00000000a7300000|100%| O|  |TAMS 0x00000000a7300000, 0x00000000a7200000| Updating 
|  85|0x00000000a7300000, 0x00000000a7400000, 0x00000000a7400000|100%| O|  |TAMS 0x00000000a7400000, 0x00000000a7300000| Updating 
|  86|0x00000000a7400000, 0x00000000a7500000, 0x00000000a7500000|100%| O|  |TAMS 0x00000000a7500000, 0x00000000a7400000| Updating 
|  87|0x00000000a7500000, 0x00000000a7600000, 0x00000000a7600000|100%| O|  |TAMS 0x00000000a7600000, 0x00000000a7500000| Updating 
|  88|0x00000000a7600000, 0x00000000a7700000, 0x00000000a7700000|100%| O|  |TAMS 0x00000000a7700000, 0x00000000a7600000| Updating 
|  89|0x00000000a7700000, 0x00000000a7800000, 0x00000000a7800000|100%| O|  |TAMS 0x00000000a7800000, 0x00000000a7700000| Updating 
|  90|0x00000000a7800000, 0x00000000a7900000, 0x00000000a7900000|100%| O|  |TAMS 0x00000000a7900000, 0x00000000a7800000| Updating 
|  91|0x00000000a7900000, 0x00000000a7a00000, 0x00000000a7a00000|100%| O|  |TAMS 0x00000000a7a00000, 0x00000000a7900000| Updating 
|  92|0x00000000a7a00000, 0x00000000a7b00000, 0x00000000a7b00000|100%| O|  |TAMS 0x00000000a7b00000, 0x00000000a7a00000| Updating 
|  93|0x00000000a7b00000, 0x00000000a7c00000, 0x00000000a7c00000|100%| O|  |TAMS 0x00000000a7c00000, 0x00000000a7b00000| Updating 
|  94|0x00000000a7c00000, 0x00000000a7d00000, 0x00000000a7d00000|100%| O|  |TAMS 0x00000000a7d00000, 0x00000000a7c00000| Updating 
|  95|0x00000000a7d00000, 0x00000000a7e00000, 0x00000000a7e00000|100%| O|  |TAMS 0x00000000a7e00000, 0x00000000a7d00000| Updating 
|  96|0x00000000a7e00000, 0x00000000a7f00000, 0x00000000a7f00000|100%| O|  |TAMS 0x00000000a7f00000, 0x00000000a7e00000| Updating 
|  97|0x00000000a7f00000, 0x00000000a8000000, 0x00000000a8000000|100%| O|  |TAMS 0x00000000a8000000, 0x00000000a7f00000| Updating 
|  98|0x00000000a8000000, 0x00000000a8100000, 0x00000000a8100000|100%| O|  |TAMS 0x00000000a8100000, 0x00000000a8000000| Updating 
|  99|0x00000000a8100000, 0x00000000a8200000, 0x00000000a8200000|100%| O|  |TAMS 0x00000000a8200000, 0x00000000a8100000| Updating 
| 100|0x00000000a8200000, 0x00000000a8300000, 0x00000000a8300000|100%| O|  |TAMS 0x00000000a8300000, 0x00000000a8200000| Updating 
| 101|0x00000000a8300000, 0x00000000a8400000, 0x00000000a8400000|100%| O|  |TAMS 0x00000000a8400000, 0x00000000a8300000| Updating 
| 102|0x00000000a8400000, 0x00000000a8500000, 0x00000000a8500000|100%| O|  |TAMS 0x00000000a8500000, 0x00000000a8400000| Updating 
| 103|0x00000000a8500000, 0x00000000a8600000, 0x00000000a8600000|100%| O|  |TAMS 0x00000000a8600000, 0x00000000a8500000| Updating 
| 104|0x00000000a8600000, 0x00000000a8700000, 0x00000000a8700000|100%| O|  |TAMS 0x00000000a8700000, 0x00000000a8600000| Updating 
| 105|0x00000000a8700000, 0x00000000a8800000, 0x00000000a8800000|100%| O|  |TAMS 0x00000000a8800000, 0x00000000a8700000| Updating 
| 106|0x00000000a8800000, 0x00000000a8900000, 0x00000000a8900000|100%| O|  |TAMS 0x00000000a8900000, 0x00000000a8800000| Updating 
| 107|0x00000000a8900000, 0x00000000a8a00000, 0x00000000a8a00000|100%| O|  |TAMS 0x00000000a8a00000, 0x00000000a8900000| Updating 
| 108|0x00000000a8a00000, 0x00000000a8b00000, 0x00000000a8b00000|100%| O|  |TAMS 0x00000000a8b00000, 0x00000000a8a00000| Updating 
| 109|0x00000000a8b00000, 0x00000000a8c00000, 0x00000000a8c00000|100%| O|  |TAMS 0x00000000a8c00000, 0x00000000a8b00000| Updating 
| 110|0x00000000a8c00000, 0x00000000a8d00000, 0x00000000a8d00000|100%| O|  |TAMS 0x00000000a8d00000, 0x00000000a8c00000| Updating 
| 111|0x00000000a8d00000, 0x00000000a8e00000, 0x00000000a8e00000|100%| O|  |TAMS 0x00000000a8e00000, 0x00000000a8d00000| Updating 
| 112|0x00000000a8e00000, 0x00000000a8f00000, 0x00000000a8f00000|100%| O|  |TAMS 0x00000000a8f00000, 0x00000000a8e00000| Updating 
| 113|0x00000000a8f00000, 0x00000000a9000000, 0x00000000a9000000|100%| O|  |TAMS 0x00000000a9000000, 0x00000000a8f00000| Updating 
| 114|0x00000000a9000000, 0x00000000a9100000, 0x00000000a9100000|100%| O|  |TAMS 0x00000000a9100000, 0x00000000a9000000| Updating 
| 115|0x00000000a9100000, 0x00000000a9200000, 0x00000000a9200000|100%| O|  |TAMS 0x00000000a9200000, 0x00000000a9100000| Updating 
| 116|0x00000000a9200000, 0x00000000a9300000, 0x00000000a9300000|100%| O|  |TAMS 0x00000000a9300000, 0x00000000a9200000| Updating 
| 117|0x00000000a9300000, 0x00000000a9400000, 0x00000000a9400000|100%| O|  |TAMS 0x00000000a9400000, 0x00000000a9300000| Updating 
| 118|0x00000000a9400000, 0x00000000a9500000, 0x00000000a9500000|100%| O|  |TAMS 0x00000000a9500000, 0x00000000a9400000| Updating 
| 119|0x00000000a9500000, 0x00000000a9600000, 0x00000000a9600000|100%| O|  |TAMS 0x00000000a9600000, 0x00000000a9500000| Updating 
| 120|0x00000000a9600000, 0x00000000a9700000, 0x00000000a9700000|100%| O|  |TAMS 0x00000000a9700000, 0x00000000a9600000| Updating 
| 121|0x00000000a9700000, 0x00000000a9800000, 0x00000000a9800000|100%| O|  |TAMS 0x00000000a9800000, 0x00000000a9700000| Updating 
| 122|0x00000000a9800000, 0x00000000a9900000, 0x00000000a9900000|100%| O|  |TAMS 0x00000000a9900000, 0x00000000a9800000| Updating 
| 123|0x00000000a9900000, 0x00000000a9a00000, 0x00000000a9a00000|100%| O|  |TAMS 0x00000000a9a00000, 0x00000000a9900000| Updating 
| 124|0x00000000a9a00000, 0x00000000a9b00000, 0x00000000a9b00000|100%| O|  |TAMS 0x00000000a9b00000, 0x00000000a9a00000| Updating 
| 125|0x00000000a9b00000, 0x00000000a9c00000, 0x00000000a9c00000|100%| O|  |TAMS 0x00000000a9c00000, 0x00000000a9b00000| Updating 
| 126|0x00000000a9c00000, 0x00000000a9d00000, 0x00000000a9d00000|100%| O|  |TAMS 0x00000000a9d00000, 0x00000000a9c00000| Updating 
| 127|0x00000000a9d00000, 0x00000000a9e00000, 0x00000000a9e00000|100%| O|  |TAMS 0x00000000a9e00000, 0x00000000a9d00000| Updating 
| 128|0x00000000a9e00000, 0x00000000a9f00000, 0x00000000a9f00000|100%| O|  |TAMS 0x00000000a9f00000, 0x00000000a9e00000| Updating 
| 129|0x00000000a9f00000, 0x00000000aa000000, 0x00000000aa000000|100%| O|  |TAMS 0x00000000aa000000, 0x00000000a9f00000| Updating 
| 130|0x00000000aa000000, 0x00000000aa100000, 0x00000000aa100000|100%| O|  |TAMS 0x00000000aa100000, 0x00000000aa000000| Updating 
| 131|0x00000000aa100000, 0x00000000aa200000, 0x00000000aa200000|100%| O|  |TAMS 0x00000000aa200000, 0x00000000aa100000| Updating 
| 132|0x00000000aa200000, 0x00000000aa300000, 0x00000000aa300000|100%| O|  |TAMS 0x00000000aa300000, 0x00000000aa200000| Updating 
| 133|0x00000000aa300000, 0x00000000aa400000, 0x00000000aa400000|100%| O|  |TAMS 0x00000000aa400000, 0x00000000aa300000| Updating 
| 134|0x00000000aa400000, 0x00000000aa500000, 0x00000000aa500000|100%| O|  |TAMS 0x00000000aa500000, 0x00000000aa400000| Updating 
| 135|0x00000000aa500000, 0x00000000aa600000, 0x00000000aa600000|100%| O|  |TAMS 0x00000000aa600000, 0x00000000aa500000| Updating 
| 136|0x00000000aa600000, 0x00000000aa700000, 0x00000000aa700000|100%| O|  |TAMS 0x00000000aa700000, 0x00000000aa600000| Updating 
| 137|0x00000000aa700000, 0x00000000aa800000, 0x00000000aa800000|100%| O|  |TAMS 0x00000000aa800000, 0x00000000aa700000| Updating 
| 138|0x00000000aa800000, 0x00000000aa900000, 0x00000000aa900000|100%| O|  |TAMS 0x00000000aa900000, 0x00000000aa800000| Updating 
| 139|0x00000000aa900000, 0x00000000aaa00000, 0x00000000aaa00000|100%| O|  |TAMS 0x00000000aaa00000, 0x00000000aa900000| Updating 
| 140|0x00000000aaa00000, 0x00000000aab00000, 0x00000000aab00000|100%| O|  |TAMS 0x00000000aab00000, 0x00000000aaa00000| Updating 
| 141|0x00000000aab00000, 0x00000000aac00000, 0x00000000aac00000|100%| O|  |TAMS 0x00000000aac00000, 0x00000000aab00000| Updating 
| 142|0x00000000aac00000, 0x00000000aad00000, 0x00000000aad00000|100%| O|  |TAMS 0x00000000aad00000, 0x00000000aac00000| Updating 
| 143|0x00000000aad00000, 0x00000000aae00000, 0x00000000aae00000|100%| O|  |TAMS 0x00000000aae00000, 0x00000000aad00000| Updating 
| 144|0x00000000aae00000, 0x00000000aaf00000, 0x00000000aaf00000|100%| O|  |TAMS 0x00000000aaf00000, 0x00000000aae00000| Updating 
| 145|0x00000000aaf00000, 0x00000000ab000000, 0x00000000ab000000|100%| O|  |TAMS 0x00000000ab000000, 0x00000000aaf00000| Updating 
| 146|0x00000000ab000000, 0x00000000ab100000, 0x00000000ab100000|100%| O|  |TAMS 0x00000000ab100000, 0x00000000ab000000| Updating 
| 147|0x00000000ab100000, 0x00000000ab200000, 0x00000000ab200000|100%| O|  |TAMS 0x00000000ab200000, 0x00000000ab100000| Updating 
| 148|0x00000000ab200000, 0x00000000ab300000, 0x00000000ab300000|100%| O|  |TAMS 0x00000000ab300000, 0x00000000ab200000| Updating 
| 149|0x00000000ab300000, 0x00000000ab400000, 0x00000000ab400000|100%| O|  |TAMS 0x00000000ab400000, 0x00000000ab300000| Updating 
| 150|0x00000000ab400000, 0x00000000ab500000, 0x00000000ab500000|100%| O|  |TAMS 0x00000000ab500000, 0x00000000ab400000| Updating 
| 151|0x00000000ab500000, 0x00000000ab600000, 0x00000000ab600000|100%| O|  |TAMS 0x00000000ab600000, 0x00000000ab500000| Updating 
| 152|0x00000000ab600000, 0x00000000ab700000, 0x00000000ab700000|100%| O|  |TAMS 0x00000000ab700000, 0x00000000ab600000| Updating 
| 153|0x00000000ab700000, 0x00000000ab800000, 0x00000000ab800000|100%| O|  |TAMS 0x00000000ab800000, 0x00000000ab700000| Updating 
| 154|0x00000000ab800000, 0x00000000ab900000, 0x00000000ab900000|100%| O|  |TAMS 0x00000000ab900000, 0x00000000ab800000| Updating 
| 155|0x00000000ab900000, 0x00000000aba00000, 0x00000000aba00000|100%| O|  |TAMS 0x00000000aba00000, 0x00000000ab900000| Updating 
| 156|0x00000000aba00000, 0x00000000abb00000, 0x00000000abb00000|100%| O|  |TAMS 0x00000000abb00000, 0x00000000aba00000| Updating 
| 157|0x00000000abb00000, 0x00000000abc00000, 0x00000000abc00000|100%| O|  |TAMS 0x00000000abc00000, 0x00000000abb00000| Updating 
| 158|0x00000000abc00000, 0x00000000abd00000, 0x00000000abd00000|100%| O|  |TAMS 0x00000000abd00000, 0x00000000abc00000| Updating 
| 159|0x00000000abd00000, 0x00000000abe00000, 0x00000000abe00000|100%| O|  |TAMS 0x00000000abe00000, 0x00000000abd00000| Updating 
| 160|0x00000000abe00000, 0x00000000abf00000, 0x00000000abf00000|100%| O|  |TAMS 0x00000000abf00000, 0x00000000abe00000| Updating 
| 161|0x00000000abf00000, 0x00000000ac000000, 0x00000000ac000000|100%| O|  |TAMS 0x00000000ac000000, 0x00000000abf00000| Updating 
| 162|0x00000000ac000000, 0x00000000ac100000, 0x00000000ac100000|100%| O|  |TAMS 0x00000000ac100000, 0x00000000ac000000| Updating 
| 163|0x00000000ac100000, 0x00000000ac200000, 0x00000000ac200000|100%| O|  |TAMS 0x00000000ac200000, 0x00000000ac100000| Updating 
| 164|0x00000000ac200000, 0x00000000ac300000, 0x00000000ac300000|100%| O|  |TAMS 0x00000000ac300000, 0x00000000ac200000| Updating 
| 165|0x00000000ac300000, 0x00000000ac400000, 0x00000000ac400000|100%| O|  |TAMS 0x00000000ac400000, 0x00000000ac300000| Updating 
| 166|0x00000000ac400000, 0x00000000ac500000, 0x00000000ac500000|100%| O|  |TAMS 0x00000000ac500000, 0x00000000ac400000| Updating 
| 167|0x00000000ac500000, 0x00000000ac600000, 0x00000000ac600000|100%| O|  |TAMS 0x00000000ac600000, 0x00000000ac500000| Updating 
| 168|0x00000000ac600000, 0x00000000ac700000, 0x00000000ac700000|100%| O|  |TAMS 0x00000000ac700000, 0x00000000ac600000| Updating 
| 169|0x00000000ac700000, 0x00000000ac800000, 0x00000000ac800000|100%| O|  |TAMS 0x00000000ac800000, 0x00000000ac700000| Updating 
| 170|0x00000000ac800000, 0x00000000ac900000, 0x00000000ac900000|100%| O|  |TAMS 0x00000000ac900000, 0x00000000ac800000| Updating 
| 171|0x00000000ac900000, 0x00000000aca00000, 0x00000000aca00000|100%| O|  |TAMS 0x00000000aca00000, 0x00000000ac900000| Updating 
| 172|0x00000000aca00000, 0x00000000acb00000, 0x00000000acb00000|100%| O|  |TAMS 0x00000000acb00000, 0x00000000aca00000| Updating 
| 173|0x00000000acb00000, 0x00000000acc00000, 0x00000000acc00000|100%| O|  |TAMS 0x00000000acc00000, 0x00000000acb00000| Updating 
| 174|0x00000000acc00000, 0x00000000acd00000, 0x00000000acd00000|100%| O|  |TAMS 0x00000000acd00000, 0x00000000acc00000| Updating 
| 175|0x00000000acd00000, 0x00000000ace00000, 0x00000000ace00000|100%| O|  |TAMS 0x00000000ace00000, 0x00000000acd00000| Updating 
| 176|0x00000000ace00000, 0x00000000acf00000, 0x00000000acf00000|100%| O|  |TAMS 0x00000000acf00000, 0x00000000ace00000| Updating 
| 177|0x00000000acf00000, 0x00000000ad000000, 0x00000000ad000000|100%| O|  |TAMS 0x00000000ad000000, 0x00000000acf00000| Updating 
| 178|0x00000000ad000000, 0x00000000ad100000, 0x00000000ad100000|100%| O|  |TAMS 0x00000000ad100000, 0x00000000ad000000| Updating 
| 179|0x00000000ad100000, 0x00000000ad200000, 0x00000000ad200000|100%| O|  |TAMS 0x00000000ad200000, 0x00000000ad100000| Updating 
| 180|0x00000000ad200000, 0x00000000ad300000, 0x00000000ad300000|100%| O|  |TAMS 0x00000000ad300000, 0x00000000ad200000| Updating 
| 181|0x00000000ad300000, 0x00000000ad400000, 0x00000000ad400000|100%| O|  |TAMS 0x00000000ad400000, 0x00000000ad300000| Updating 
| 182|0x00000000ad400000, 0x00000000ad500000, 0x00000000ad500000|100%| O|  |TAMS 0x00000000ad500000, 0x00000000ad400000| Updating 
| 183|0x00000000ad500000, 0x00000000ad600000, 0x00000000ad600000|100%| O|  |TAMS 0x00000000ad600000, 0x00000000ad500000| Updating 
| 184|0x00000000ad600000, 0x00000000ad700000, 0x00000000ad700000|100%| O|  |TAMS 0x00000000ad700000, 0x00000000ad600000| Updating 
| 185|0x00000000ad700000, 0x00000000ad800000, 0x00000000ad800000|100%| O|  |TAMS 0x00000000ad800000, 0x00000000ad700000| Updating 
| 186|0x00000000ad800000, 0x00000000ad900000, 0x00000000ad900000|100%| O|  |TAMS 0x00000000ad900000, 0x00000000ad800000| Updating 
| 187|0x00000000ad900000, 0x00000000ada00000, 0x00000000ada00000|100%| O|  |TAMS 0x00000000ada00000, 0x00000000ad900000| Updating 
| 188|0x00000000ada00000, 0x00000000adb00000, 0x00000000adb00000|100%| O|  |TAMS 0x00000000adb00000, 0x00000000ada00000| Updating 
| 189|0x00000000adb00000, 0x00000000adc00000, 0x00000000adc00000|100%| O|  |TAMS 0x00000000adc00000, 0x00000000adb00000| Updating 
| 190|0x00000000adc00000, 0x00000000add00000, 0x00000000add00000|100%| O|  |TAMS 0x00000000add00000, 0x00000000adc00000| Updating 
| 191|0x00000000add00000, 0x00000000ade00000, 0x00000000ade00000|100%| O|  |TAMS 0x00000000ade00000, 0x00000000add00000| Updating 
| 192|0x00000000ade00000, 0x00000000adf00000, 0x00000000adf00000|100%| O|  |TAMS 0x00000000adf00000, 0x00000000ade00000| Updating 
| 193|0x00000000adf00000, 0x00000000ae000000, 0x00000000ae000000|100%| O|  |TAMS 0x00000000ae000000, 0x00000000adf00000| Updating 
| 194|0x00000000ae000000, 0x00000000ae100000, 0x00000000ae100000|100%| O|  |TAMS 0x00000000ae100000, 0x00000000ae000000| Updating 
| 195|0x00000000ae100000, 0x00000000ae200000, 0x00000000ae200000|100%| O|  |TAMS 0x00000000ae200000, 0x00000000ae100000| Updating 
| 196|0x00000000ae200000, 0x00000000ae300000, 0x00000000ae300000|100%| O|  |TAMS 0x00000000ae300000, 0x00000000ae200000| Updating 
| 197|0x00000000ae300000, 0x00000000ae400000, 0x00000000ae400000|100%| O|  |TAMS 0x00000000ae400000, 0x00000000ae300000| Updating 
| 198|0x00000000ae400000, 0x00000000ae500000, 0x00000000ae500000|100%| O|  |TAMS 0x00000000ae500000, 0x00000000ae400000| Updating 
| 199|0x00000000ae500000, 0x00000000ae600000, 0x00000000ae600000|100%| O|  |TAMS 0x00000000ae600000, 0x00000000ae500000| Updating 
| 200|0x00000000ae600000, 0x00000000ae700000, 0x00000000ae700000|100%| O|  |TAMS 0x00000000ae700000, 0x00000000ae600000| Updating 
| 201|0x00000000ae700000, 0x00000000ae800000, 0x00000000ae800000|100%| O|  |TAMS 0x00000000ae800000, 0x00000000ae700000| Updating 
| 202|0x00000000ae800000, 0x00000000ae900000, 0x00000000ae900000|100%| O|  |TAMS 0x00000000ae900000, 0x00000000ae800000| Updating 
| 203|0x00000000ae900000, 0x00000000aea00000, 0x00000000aea00000|100%| O|  |TAMS 0x00000000aea00000, 0x00000000ae900000| Updating 
| 204|0x00000000aea00000, 0x00000000aeb00000, 0x00000000aeb00000|100%| O|  |TAMS 0x00000000aeb00000, 0x00000000aea00000| Updating 
| 205|0x00000000aeb00000, 0x00000000aec00000, 0x00000000aec00000|100%| O|  |TAMS 0x00000000aec00000, 0x00000000aeb00000| Updating 
| 206|0x00000000aec00000, 0x00000000aed00000, 0x00000000aed00000|100%| O|  |TAMS 0x00000000aed00000, 0x00000000aec00000| Updating 
| 207|0x00000000aed00000, 0x00000000aee00000, 0x00000000aee00000|100%| O|  |TAMS 0x00000000aee00000, 0x00000000aed00000| Updating 
| 208|0x00000000aee00000, 0x00000000aef00000, 0x00000000aef00000|100%| O|  |TAMS 0x00000000aef00000, 0x00000000aee00000| Updating 
| 209|0x00000000aef00000, 0x00000000af000000, 0x00000000af000000|100%| O|  |TAMS 0x00000000af000000, 0x00000000aef00000| Updating 
| 210|0x00000000af000000, 0x00000000af100000, 0x00000000af100000|100%| O|  |TAMS 0x00000000af100000, 0x00000000af000000| Updating 
| 211|0x00000000af100000, 0x00000000af200000, 0x00000000af200000|100%| O|  |TAMS 0x00000000af200000, 0x00000000af100000| Updating 
| 212|0x00000000af200000, 0x00000000af300000, 0x00000000af300000|100%| O|  |TAMS 0x00000000af300000, 0x00000000af200000| Updating 
| 213|0x00000000af300000, 0x00000000af400000, 0x00000000af400000|100%|HS|  |TAMS 0x00000000af300000, 0x00000000af300000| Complete 
| 214|0x00000000af400000, 0x00000000af500000, 0x00000000af500000|100%|HC|  |TAMS 0x00000000af400000, 0x00000000af400000| Complete 
| 215|0x00000000af500000, 0x00000000af600000, 0x00000000af600000|100%|HS|  |TAMS 0x00000000af600000, 0x00000000af500000| Complete 
| 216|0x00000000af600000, 0x00000000af700000, 0x00000000af700000|100%|HC|  |TAMS 0x00000000af700000, 0x00000000af600000| Complete 
| 217|0x00000000af700000, 0x00000000af800000, 0x00000000af800000|100%| O|  |TAMS 0x00000000af800000, 0x00000000af700000| Updating 
| 218|0x00000000af800000, 0x00000000af900000, 0x00000000af900000|100%| O|  |TAMS 0x00000000af900000, 0x00000000af800000| Updating 
| 219|0x00000000af900000, 0x00000000afa00000, 0x00000000afa00000|100%| O|  |TAMS 0x00000000af914c00, 0x00000000af900000| Untracked 
| 220|0x00000000afa00000, 0x00000000afb00000, 0x00000000afb00000|100%| O|  |TAMS 0x00000000afa00000, 0x00000000afa00000| Untracked 
| 221|0x00000000afb00000, 0x00000000afc00000, 0x00000000afc00000|100%| O|  |TAMS 0x00000000afb00000, 0x00000000afb00000| Untracked 
| 222|0x00000000afc00000, 0x00000000afd00000, 0x00000000afd00000|100%| O|  |TAMS 0x00000000afc00000, 0x00000000afc00000| Untracked 
| 223|0x00000000afd00000, 0x00000000afe00000, 0x00000000afe00000|100%| O|  |TAMS 0x00000000afd00000, 0x00000000afd00000| Untracked 
| 224|0x00000000afe00000, 0x00000000aff00000, 0x00000000aff00000|100%| O|  |TAMS 0x00000000afe00000, 0x00000000afe00000| Untracked 
| 225|0x00000000aff00000, 0x00000000b0000000, 0x00000000b0000000|100%| O|  |TAMS 0x00000000aff00000, 0x00000000aff00000| Untracked 
| 226|0x00000000b0000000, 0x00000000b0100000, 0x00000000b0100000|100%| O|  |TAMS 0x00000000b0000000, 0x00000000b0000000| Untracked 
| 227|0x00000000b0100000, 0x00000000b0200000, 0x00000000b0200000|100%| O|  |TAMS 0x00000000b0100000, 0x00000000b0100000| Untracked 
| 228|0x00000000b0200000, 0x00000000b0300000, 0x00000000b0300000|100%| O|  |TAMS 0x00000000b0200000, 0x00000000b0200000| Untracked 
| 229|0x00000000b0300000, 0x00000000b03cbc00, 0x00000000b0400000| 79%| O|  |TAMS 0x00000000b0300000, 0x00000000b0300000| Updating 
| 230|0x00000000b0400000, 0x00000000b0400000, 0x00000000b0500000|  0%| F|  |TAMS 0x00000000b0400000, 0x00000000b0400000| Untracked 
| 231|0x00000000b0500000, 0x00000000b0500000, 0x00000000b0600000|  0%| F|  |TAMS 0x00000000b0500000, 0x00000000b0500000| Untracked 
| 232|0x00000000b0600000, 0x00000000b0600000, 0x00000000b0700000|  0%| F|  |TAMS 0x00000000b0600000, 0x00000000b0600000| Untracked 
| 233|0x00000000b0700000, 0x00000000b0700000, 0x00000000b0800000|  0%| F|  |TAMS 0x00000000b0700000, 0x00000000b0700000| Untracked 
| 234|0x00000000b0800000, 0x00000000b0800000, 0x00000000b0900000|  0%| F|  |TAMS 0x00000000b0800000, 0x00000000b0800000| Untracked 
| 235|0x00000000b0900000, 0x00000000b0900000, 0x00000000b0a00000|  0%| F|  |TAMS 0x00000000b0900000, 0x00000000b0900000| Untracked 
| 236|0x00000000b0a00000, 0x00000000b0a00000, 0x00000000b0b00000|  0%| F|  |TAMS 0x00000000b0a00000, 0x00000000b0a00000| Untracked 
| 237|0x00000000b0b00000, 0x00000000b0b00000, 0x00000000b0c00000|  0%| F|  |TAMS 0x00000000b0b00000, 0x00000000b0b00000| Untracked 
| 238|0x00000000b0c00000, 0x00000000b0c00000, 0x00000000b0d00000|  0%| F|  |TAMS 0x00000000b0c00000, 0x00000000b0c00000| Untracked 
| 239|0x00000000b0d00000, 0x00000000b0d00000, 0x00000000b0e00000|  0%| F|  |TAMS 0x00000000b0d00000, 0x00000000b0d00000| Untracked 
| 240|0x00000000b0e00000, 0x00000000b0e00000, 0x00000000b0f00000|  0%| F|  |TAMS 0x00000000b0e00000, 0x00000000b0e00000| Untracked 
| 241|0x00000000b0f00000, 0x00000000b0f00000, 0x00000000b1000000|  0%| F|  |TAMS 0x00000000b0f00000, 0x00000000b0f00000| Untracked 
| 242|0x00000000b1000000, 0x00000000b1000000, 0x00000000b1100000|  0%| F|  |TAMS 0x00000000b1000000, 0x00000000b1000000| Untracked 
| 243|0x00000000b1100000, 0x00000000b1100000, 0x00000000b1200000|  0%| F|  |TAMS 0x00000000b1100000, 0x00000000b1100000| Untracked 
| 244|0x00000000b1200000, 0x00000000b1200000, 0x00000000b1300000|  0%| F|  |TAMS 0x00000000b1200000, 0x00000000b1200000| Untracked 
| 245|0x00000000b1300000, 0x00000000b1300000, 0x00000000b1400000|  0%| F|  |TAMS 0x00000000b1300000, 0x00000000b1300000| Untracked 
| 246|0x00000000b1400000, 0x00000000b1400000, 0x00000000b1500000|  0%| F|  |TAMS 0x00000000b1400000, 0x00000000b1400000| Untracked 
| 247|0x00000000b1500000, 0x00000000b1500000, 0x00000000b1600000|  0%| F|  |TAMS 0x00000000b1500000, 0x00000000b1500000| Untracked 
| 248|0x00000000b1600000, 0x00000000b1600000, 0x00000000b1700000|  0%| F|  |TAMS 0x00000000b1600000, 0x00000000b1600000| Untracked 
| 249|0x00000000b1700000, 0x00000000b1700000, 0x00000000b1800000|  0%| F|  |TAMS 0x00000000b1700000, 0x00000000b1700000| Untracked 
| 250|0x00000000b1800000, 0x00000000b1800000, 0x00000000b1900000|  0%| F|  |TAMS 0x00000000b1800000, 0x00000000b1800000| Untracked 
| 251|0x00000000b1900000, 0x00000000b1900000, 0x00000000b1a00000|  0%| F|  |TAMS 0x00000000b1900000, 0x00000000b1900000| Untracked 
| 252|0x00000000b1a00000, 0x00000000b1a00000, 0x00000000b1b00000|  0%| F|  |TAMS 0x00000000b1a00000, 0x00000000b1a00000| Untracked 
| 253|0x00000000b1b00000, 0x00000000b1b00000, 0x00000000b1c00000|  0%| F|  |TAMS 0x00000000b1b00000, 0x00000000b1b00000| Untracked 
| 254|0x00000000b1c00000, 0x00000000b1c00000, 0x00000000b1d00000|  0%| F|  |TAMS 0x00000000b1c00000, 0x00000000b1c00000| Untracked 
| 255|0x00000000b1d00000, 0x00000000b1d00000, 0x00000000b1e00000|  0%| F|  |TAMS 0x00000000b1d00000, 0x00000000b1d00000| Untracked 
| 256|0x00000000b1e00000, 0x00000000b1e00000, 0x00000000b1f00000|  0%| F|  |TAMS 0x00000000b1e00000, 0x00000000b1e00000| Untracked 
| 257|0x00000000b1f00000, 0x00000000b1f00000, 0x00000000b2000000|  0%| F|  |TAMS 0x00000000b1f00000, 0x00000000b1f00000| Untracked 
| 258|0x00000000b2000000, 0x00000000b2000000, 0x00000000b2100000|  0%| F|  |TAMS 0x00000000b2000000, 0x00000000b2000000| Untracked 
| 259|0x00000000b2100000, 0x00000000b2100000, 0x00000000b2200000|  0%| F|  |TAMS 0x00000000b2100000, 0x00000000b2100000| Untracked 
| 260|0x00000000b2200000, 0x00000000b2200000, 0x00000000b2300000|  0%| F|  |TAMS 0x00000000b2200000, 0x00000000b2200000| Untracked 
| 261|0x00000000b2300000, 0x00000000b2300000, 0x00000000b2400000|  0%| F|  |TAMS 0x00000000b2300000, 0x00000000b2300000| Untracked 
| 262|0x00000000b2400000, 0x00000000b2400000, 0x00000000b2500000|  0%| F|  |TAMS 0x00000000b2400000, 0x00000000b2400000| Untracked 
| 263|0x00000000b2500000, 0x00000000b2500000, 0x00000000b2600000|  0%| F|  |TAMS 0x00000000b2500000, 0x00000000b2500000| Untracked 
| 264|0x00000000b2600000, 0x00000000b2600000, 0x00000000b2700000|  0%| F|  |TAMS 0x00000000b2600000, 0x00000000b2600000| Untracked 
| 265|0x00000000b2700000, 0x00000000b2700000, 0x00000000b2800000|  0%| F|  |TAMS 0x00000000b2700000, 0x00000000b2700000| Untracked 
| 266|0x00000000b2800000, 0x00000000b2800000, 0x00000000b2900000|  0%| F|  |TAMS 0x00000000b2800000, 0x00000000b2800000| Untracked 
| 267|0x00000000b2900000, 0x00000000b2900000, 0x00000000b2a00000|  0%| F|  |TAMS 0x00000000b2900000, 0x00000000b2900000| Untracked 
| 268|0x00000000b2a00000, 0x00000000b2a00000, 0x00000000b2b00000|  0%| F|  |TAMS 0x00000000b2a00000, 0x00000000b2a00000| Untracked 
| 269|0x00000000b2b00000, 0x00000000b2b00000, 0x00000000b2c00000|  0%| F|  |TAMS 0x00000000b2b00000, 0x00000000b2b00000| Untracked 
| 270|0x00000000b2c00000, 0x00000000b2c00000, 0x00000000b2d00000|  0%| F|  |TAMS 0x00000000b2c00000, 0x00000000b2c00000| Untracked 
| 271|0x00000000b2d00000, 0x00000000b2d00000, 0x00000000b2e00000|  0%| F|  |TAMS 0x00000000b2d00000, 0x00000000b2d00000| Untracked 
| 272|0x00000000b2e00000, 0x00000000b2e00000, 0x00000000b2f00000|  0%| F|  |TAMS 0x00000000b2e00000, 0x00000000b2e00000| Untracked 
| 273|0x00000000b2f00000, 0x00000000b2f00000, 0x00000000b3000000|  0%| F|  |TAMS 0x00000000b2f00000, 0x00000000b2f00000| Untracked 
| 274|0x00000000b3000000, 0x00000000b3000000, 0x00000000b3100000|  0%| F|  |TAMS 0x00000000b3000000, 0x00000000b3000000| Untracked 
| 275|0x00000000b3100000, 0x00000000b3100000, 0x00000000b3200000|  0%| F|  |TAMS 0x00000000b3100000, 0x00000000b3100000| Untracked 
| 276|0x00000000b3200000, 0x00000000b3200000, 0x00000000b3300000|  0%| F|  |TAMS 0x00000000b3200000, 0x00000000b3200000| Untracked 
| 277|0x00000000b3300000, 0x00000000b3300000, 0x00000000b3400000|  0%| F|  |TAMS 0x00000000b3300000, 0x00000000b3300000| Untracked 
| 278|0x00000000b3400000, 0x00000000b3400000, 0x00000000b3500000|  0%| F|  |TAMS 0x00000000b3400000, 0x00000000b3400000| Untracked 
| 279|0x00000000b3500000, 0x00000000b3500000, 0x00000000b3600000|  0%| F|  |TAMS 0x00000000b3500000, 0x00000000b3500000| Untracked 
| 280|0x00000000b3600000, 0x00000000b3600000, 0x00000000b3700000|  0%| F|  |TAMS 0x00000000b3600000, 0x00000000b3600000| Untracked 
| 281|0x00000000b3700000, 0x00000000b3700000, 0x00000000b3800000|  0%| F|  |TAMS 0x00000000b3700000, 0x00000000b3700000| Untracked 
| 282|0x00000000b3800000, 0x00000000b3800000, 0x00000000b3900000|  0%| F|  |TAMS 0x00000000b3800000, 0x00000000b3800000| Untracked 
| 283|0x00000000b3900000, 0x00000000b3900000, 0x00000000b3a00000|  0%| F|  |TAMS 0x00000000b3900000, 0x00000000b3900000| Untracked 
| 284|0x00000000b3a00000, 0x00000000b3a00000, 0x00000000b3b00000|  0%| F|  |TAMS 0x00000000b3a00000, 0x00000000b3a00000| Untracked 
| 285|0x00000000b3b00000, 0x00000000b3b00000, 0x00000000b3c00000|  0%| F|  |TAMS 0x00000000b3b00000, 0x00000000b3b00000| Untracked 
| 286|0x00000000b3c00000, 0x00000000b3c00000, 0x00000000b3d00000|  0%| F|  |TAMS 0x00000000b3c00000, 0x00000000b3c00000| Untracked 
| 287|0x00000000b3d00000, 0x00000000b3d00000, 0x00000000b3e00000|  0%| F|  |TAMS 0x00000000b3d00000, 0x00000000b3d00000| Untracked 
| 288|0x00000000b3e00000, 0x00000000b3e00000, 0x00000000b3f00000|  0%| F|  |TAMS 0x00000000b3e00000, 0x00000000b3e00000| Untracked 
| 289|0x00000000b3f00000, 0x00000000b3f00000, 0x00000000b4000000|  0%| F|  |TAMS 0x00000000b3f00000, 0x00000000b3f00000| Untracked 
| 290|0x00000000b4000000, 0x00000000b4000000, 0x00000000b4100000|  0%| F|  |TAMS 0x00000000b4000000, 0x00000000b4000000| Untracked 
| 291|0x00000000b4100000, 0x00000000b4100000, 0x00000000b4200000|  0%| F|  |TAMS 0x00000000b4100000, 0x00000000b4100000| Untracked 
| 292|0x00000000b4200000, 0x00000000b42d43a0, 0x00000000b4300000| 82%| S|CS|TAMS 0x00000000b4200000, 0x00000000b4200000| Complete 
| 293|0x00000000b4300000, 0x00000000b4400000, 0x00000000b4400000|100%| S|CS|TAMS 0x00000000b4300000, 0x00000000b4300000| Complete 
| 294|0x00000000b4400000, 0x00000000b4500000, 0x00000000b4500000|100%| S|CS|TAMS 0x00000000b4400000, 0x00000000b4400000| Complete 
| 295|0x00000000b4500000, 0x00000000b4600000, 0x00000000b4600000|100%| S|CS|TAMS 0x00000000b4500000, 0x00000000b4500000| Complete 
| 296|0x00000000b4600000, 0x00000000b4700000, 0x00000000b4700000|100%| S|CS|TAMS 0x00000000b4600000, 0x00000000b4600000| Complete 
| 297|0x00000000b4700000, 0x00000000b4800000, 0x00000000b4800000|100%| S|CS|TAMS 0x00000000b4700000, 0x00000000b4700000| Complete 
| 298|0x00000000b4800000, 0x00000000b4900000, 0x00000000b4900000|100%| S|CS|TAMS 0x00000000b4800000, 0x00000000b4800000| Complete 
| 299|0x00000000b4900000, 0x00000000b4a00000, 0x00000000b4a00000|100%| S|CS|TAMS 0x00000000b4900000, 0x00000000b4900000| Complete 
| 300|0x00000000b4a00000, 0x00000000b4b00000, 0x00000000b4b00000|100%| S|CS|TAMS 0x00000000b4a00000, 0x00000000b4a00000| Complete 
| 301|0x00000000b4b00000, 0x00000000b4b00000, 0x00000000b4c00000|  0%| F|  |TAMS 0x00000000b4b00000, 0x00000000b4b00000| Untracked 
| 302|0x00000000b4c00000, 0x00000000b4c00000, 0x00000000b4d00000|  0%| F|  |TAMS 0x00000000b4c00000, 0x00000000b4c00000| Untracked 
| 303|0x00000000b4d00000, 0x00000000b4d00000, 0x00000000b4e00000|  0%| F|  |TAMS 0x00000000b4d00000, 0x00000000b4d00000| Untracked 
| 304|0x00000000b4e00000, 0x00000000b4e00000, 0x00000000b4f00000|  0%| F|  |TAMS 0x00000000b4e00000, 0x00000000b4e00000| Untracked 
| 305|0x00000000b4f00000, 0x00000000b4f00000, 0x00000000b5000000|  0%| F|  |TAMS 0x00000000b4f00000, 0x00000000b4f00000| Untracked 
| 306|0x00000000b5000000, 0x00000000b5000000, 0x00000000b5100000|  0%| F|  |TAMS 0x00000000b5000000, 0x00000000b5000000| Untracked 
| 307|0x00000000b5100000, 0x00000000b5100000, 0x00000000b5200000|  0%| F|  |TAMS 0x00000000b5100000, 0x00000000b5100000| Untracked 
| 308|0x00000000b5200000, 0x00000000b5200000, 0x00000000b5300000|  0%| F|  |TAMS 0x00000000b5200000, 0x00000000b5200000| Untracked 
| 309|0x00000000b5300000, 0x00000000b5300000, 0x00000000b5400000|  0%| F|  |TAMS 0x00000000b5300000, 0x00000000b5300000| Untracked 
| 310|0x00000000b5400000, 0x00000000b5400000, 0x00000000b5500000|  0%| F|  |TAMS 0x00000000b5400000, 0x00000000b5400000| Untracked 
| 311|0x00000000b5500000, 0x00000000b5500000, 0x00000000b5600000|  0%| F|  |TAMS 0x00000000b5500000, 0x00000000b5500000| Untracked 
| 312|0x00000000b5600000, 0x00000000b5600000, 0x00000000b5700000|  0%| F|  |TAMS 0x00000000b5600000, 0x00000000b5600000| Untracked 
| 313|0x00000000b5700000, 0x00000000b5700000, 0x00000000b5800000|  0%| F|  |TAMS 0x00000000b5700000, 0x00000000b5700000| Untracked 
| 314|0x00000000b5800000, 0x00000000b5800000, 0x00000000b5900000|  0%| F|  |TAMS 0x00000000b5800000, 0x00000000b5800000| Untracked 
| 315|0x00000000b5900000, 0x00000000b5900000, 0x00000000b5a00000|  0%| F|  |TAMS 0x00000000b5900000, 0x00000000b5900000| Untracked 
| 316|0x00000000b5a00000, 0x00000000b5a00000, 0x00000000b5b00000|  0%| F|  |TAMS 0x00000000b5a00000, 0x00000000b5a00000| Untracked 
| 317|0x00000000b5b00000, 0x00000000b5b00000, 0x00000000b5c00000|  0%| F|  |TAMS 0x00000000b5b00000, 0x00000000b5b00000| Untracked 
| 318|0x00000000b5c00000, 0x00000000b5c00000, 0x00000000b5d00000|  0%| F|  |TAMS 0x00000000b5c00000, 0x00000000b5c00000| Untracked 
| 319|0x00000000b5d00000, 0x00000000b5d00000, 0x00000000b5e00000|  0%| F|  |TAMS 0x00000000b5d00000, 0x00000000b5d00000| Untracked 
| 320|0x00000000b5e00000, 0x00000000b5e00000, 0x00000000b5f00000|  0%| F|  |TAMS 0x00000000b5e00000, 0x00000000b5e00000| Untracked 
| 321|0x00000000b5f00000, 0x00000000b5f00000, 0x00000000b6000000|  0%| F|  |TAMS 0x00000000b5f00000, 0x00000000b5f00000| Untracked 
| 322|0x00000000b6000000, 0x00000000b6000000, 0x00000000b6100000|  0%| F|  |TAMS 0x00000000b6000000, 0x00000000b6000000| Untracked 
| 323|0x00000000b6100000, 0x00000000b6100000, 0x00000000b6200000|  0%| F|  |TAMS 0x00000000b6100000, 0x00000000b6100000| Untracked 
| 324|0x00000000b6200000, 0x00000000b6200000, 0x00000000b6300000|  0%| F|  |TAMS 0x00000000b6200000, 0x00000000b6200000| Untracked 
| 325|0x00000000b6300000, 0x00000000b6300000, 0x00000000b6400000|  0%| F|  |TAMS 0x00000000b6300000, 0x00000000b6300000| Untracked 
| 326|0x00000000b6400000, 0x00000000b6400000, 0x00000000b6500000|  0%| F|  |TAMS 0x00000000b6400000, 0x00000000b6400000| Untracked 
| 327|0x00000000b6500000, 0x00000000b6500000, 0x00000000b6600000|  0%| F|  |TAMS 0x00000000b6500000, 0x00000000b6500000| Untracked 
| 328|0x00000000b6600000, 0x00000000b6600000, 0x00000000b6700000|  0%| F|  |TAMS 0x00000000b6600000, 0x00000000b6600000| Untracked 
| 329|0x00000000b6700000, 0x00000000b6700000, 0x00000000b6800000|  0%| F|  |TAMS 0x00000000b6700000, 0x00000000b6700000| Untracked 
| 330|0x00000000b6800000, 0x00000000b6800000, 0x00000000b6900000|  0%| F|  |TAMS 0x00000000b6800000, 0x00000000b6800000| Untracked 
| 331|0x00000000b6900000, 0x00000000b6900000, 0x00000000b6a00000|  0%| F|  |TAMS 0x00000000b6900000, 0x00000000b6900000| Untracked 
| 332|0x00000000b6a00000, 0x00000000b6a00000, 0x00000000b6b00000|  0%| F|  |TAMS 0x00000000b6a00000, 0x00000000b6a00000| Untracked 
| 333|0x00000000b6b00000, 0x00000000b6b00000, 0x00000000b6c00000|  0%| F|  |TAMS 0x00000000b6b00000, 0x00000000b6b00000| Untracked 
| 334|0x00000000b6c00000, 0x00000000b6c00000, 0x00000000b6d00000|  0%| F|  |TAMS 0x00000000b6c00000, 0x00000000b6c00000| Untracked 
| 335|0x00000000b6d00000, 0x00000000b6d00000, 0x00000000b6e00000|  0%| F|  |TAMS 0x00000000b6d00000, 0x00000000b6d00000| Untracked 
| 336|0x00000000b6e00000, 0x00000000b6e00000, 0x00000000b6f00000|  0%| F|  |TAMS 0x00000000b6e00000, 0x00000000b6e00000| Untracked 
| 337|0x00000000b6f00000, 0x00000000b6f00000, 0x00000000b7000000|  0%| F|  |TAMS 0x00000000b6f00000, 0x00000000b6f00000| Untracked 
| 338|0x00000000b7000000, 0x00000000b7000000, 0x00000000b7100000|  0%| F|  |TAMS 0x00000000b7000000, 0x00000000b7000000| Untracked 
| 339|0x00000000b7100000, 0x00000000b7100000, 0x00000000b7200000|  0%| F|  |TAMS 0x00000000b7100000, 0x00000000b7100000| Untracked 
| 340|0x00000000b7200000, 0x00000000b7200000, 0x00000000b7300000|  0%| F|  |TAMS 0x00000000b7200000, 0x00000000b7200000| Untracked 
| 341|0x00000000b7300000, 0x00000000b7300000, 0x00000000b7400000|  0%| F|  |TAMS 0x00000000b7300000, 0x00000000b7300000| Untracked 
| 342|0x00000000b7400000, 0x00000000b7400000, 0x00000000b7500000|  0%| F|  |TAMS 0x00000000b7400000, 0x00000000b7400000| Untracked 
| 343|0x00000000b7500000, 0x00000000b7500000, 0x00000000b7600000|  0%| F|  |TAMS 0x00000000b7500000, 0x00000000b7500000| Untracked 
| 344|0x00000000b7600000, 0x00000000b7600000, 0x00000000b7700000|  0%| F|  |TAMS 0x00000000b7600000, 0x00000000b7600000| Untracked 
| 345|0x00000000b7700000, 0x00000000b7700000, 0x00000000b7800000|  0%| F|  |TAMS 0x00000000b7700000, 0x00000000b7700000| Untracked 
| 346|0x00000000b7800000, 0x00000000b7800000, 0x00000000b7900000|  0%| F|  |TAMS 0x00000000b7800000, 0x00000000b7800000| Untracked 
| 347|0x00000000b7900000, 0x00000000b7900000, 0x00000000b7a00000|  0%| F|  |TAMS 0x00000000b7900000, 0x00000000b7900000| Untracked 
| 348|0x00000000b7a00000, 0x00000000b7a00000, 0x00000000b7b00000|  0%| F|  |TAMS 0x00000000b7a00000, 0x00000000b7a00000| Untracked 
| 349|0x00000000b7b00000, 0x00000000b7b00000, 0x00000000b7c00000|  0%| F|  |TAMS 0x00000000b7b00000, 0x00000000b7b00000| Untracked 
| 350|0x00000000b7c00000, 0x00000000b7c00000, 0x00000000b7d00000|  0%| F|  |TAMS 0x00000000b7c00000, 0x00000000b7c00000| Untracked 
| 351|0x00000000b7d00000, 0x00000000b7d00000, 0x00000000b7e00000|  0%| F|  |TAMS 0x00000000b7d00000, 0x00000000b7d00000| Untracked 
| 352|0x00000000b7e00000, 0x00000000b7e00000, 0x00000000b7f00000|  0%| F|  |TAMS 0x00000000b7e00000, 0x00000000b7e00000| Untracked 
| 353|0x00000000b7f00000, 0x00000000b7f00000, 0x00000000b8000000|  0%| F|  |TAMS 0x00000000b7f00000, 0x00000000b7f00000| Untracked 
| 354|0x00000000b8000000, 0x00000000b8000000, 0x00000000b8100000|  0%| F|  |TAMS 0x00000000b8000000, 0x00000000b8000000| Untracked 
| 355|0x00000000b8100000, 0x00000000b8100000, 0x00000000b8200000|  0%| F|  |TAMS 0x00000000b8100000, 0x00000000b8100000| Untracked 
| 356|0x00000000b8200000, 0x00000000b8200000, 0x00000000b8300000|  0%| F|  |TAMS 0x00000000b8200000, 0x00000000b8200000| Untracked 
| 357|0x00000000b8300000, 0x00000000b8300000, 0x00000000b8400000|  0%| F|  |TAMS 0x00000000b8300000, 0x00000000b8300000| Untracked 
| 358|0x00000000b8400000, 0x00000000b84827e8, 0x00000000b8500000| 50%| E|  |TAMS 0x00000000b8400000, 0x00000000b8400000| Complete 
| 359|0x00000000b8500000, 0x00000000b8600000, 0x00000000b8600000|100%| E|CS|TAMS 0x00000000b8500000, 0x00000000b8500000| Complete 
| 360|0x00000000b8600000, 0x00000000b8700000, 0x00000000b8700000|100%| E|CS|TAMS 0x00000000b8600000, 0x00000000b8600000| Complete 
| 361|0x00000000b8700000, 0x00000000b8800000, 0x00000000b8800000|100%| E|CS|TAMS 0x00000000b8700000, 0x00000000b8700000| Complete 
| 362|0x00000000b8800000, 0x00000000b8900000, 0x00000000b8900000|100%| E|CS|TAMS 0x00000000b8800000, 0x00000000b8800000| Complete 
| 363|0x00000000b8900000, 0x00000000b8a00000, 0x00000000b8a00000|100%| E|CS|TAMS 0x00000000b8900000, 0x00000000b8900000| Complete 
| 364|0x00000000b8a00000, 0x00000000b8b00000, 0x00000000b8b00000|100%| E|CS|TAMS 0x00000000b8a00000, 0x00000000b8a00000| Complete 
| 365|0x00000000b8b00000, 0x00000000b8c00000, 0x00000000b8c00000|100%| E|CS|TAMS 0x00000000b8b00000, 0x00000000b8b00000| Complete 
| 366|0x00000000b8c00000, 0x00000000b8d00000, 0x00000000b8d00000|100%| E|CS|TAMS 0x00000000b8c00000, 0x00000000b8c00000| Complete 

Card table byte_map: [0x000002d8a7c60000,0x000002d8a7f60000] _byte_map_base: 0x000002d8a7751000

Marking Bits (Prev, Next): (CMBitMap*) 0x000002d88fec4098, (CMBitMap*) 0x000002d88fec4058
 Prev Bits: [0x000002d8a99f0000, 0x000002d8ab178000)
 Next Bits: [0x000002d8a8260000, 0x000002d8a99e8000)

Polling page: 0x000002d88dd50000

Metaspace:

Usage:
  Non-class:     12.77 MB capacity,    12.63 MB ( 99%) used,   115.49 KB ( <1%) free+waste,    26.69 KB ( <1%) overhead. 
      Class:      1.51 MB capacity,     1.38 MB ( 91%) used,   121.63 KB (  8%) free+waste,    14.25 KB ( <1%) overhead. 
       Both:     14.28 MB capacity,    14.01 MB ( 98%) used,   237.13 KB (  2%) free+waste,    40.94 KB ( <1%) overhead. 

Virtual space:
  Non-class space:       14.00 MB reserved,      13.00 MB ( 93%) committed 
      Class space:        1.00 GB reserved,       1.63 MB ( <1%) committed 
             Both:        1.01 GB reserved,      14.63 MB (  1%) committed 

Chunk freelists:
   Non-Class:  45.00 KB
       Class:  22.00 KB
        Both:  67.00 KB

MaxMetaspaceSize: 17179869184.00 GB
CompressedClassSpaceSize: 1.00 GB

CodeHeap 'non-profiled nmethods': size=120000Kb used=6194Kb max_used=6194Kb free=113805Kb
 bounds [0x000002d8a0100000, 0x000002d8a0710000, 0x000002d8a7630000]
CodeHeap 'profiled nmethods': size=120000Kb used=6275Kb max_used=8425Kb free=113725Kb
 bounds [0x000002d898bd0000, 0x000002d899490000, 0x000002d8a0100000]
CodeHeap 'non-nmethods': size=5760Kb used=1346Kb max_used=1419Kb free=4413Kb
 bounds [0x000002d898630000, 0x000002d8988a0000, 0x000002d898bd0000]
 total_blobs=8733 nmethods=3918 adapters=562
 compilation: enabled
              stopped_count=0, restarted_count=0
 full_count=0

Compilation events (20 events):
Event: 264.847 Thread 0x000002d8adbaa800 nmethod 5153 0x000002d8991bf010 code [0x000002d8991bf220, 0x000002d8991bf998]
Event: 264.852 Thread 0x000002d8adbaa800 5154       3       java.awt.MultipleGradientPaintContext::calculateSingleArrayGradient (262 bytes)
Event: 264.853 Thread 0x000002d8adbaa800 nmethod 5154 0x000002d899018990 code [0x000002d899018c20, 0x000002d8990198d8]
Event: 264.913 Thread 0x000002d8adbb5000 5155 %s    4       sun.java2d.loops.GraphicsPrimitiveMgr::locatePrim @ 12 (95 bytes)
Event: 264.914 Thread 0x000002d8adbaa800 5156       3       sun.awt.image.IntegerInterleavedRaster::getDataOffset (7 bytes)
Event: 264.914 Thread 0x000002d8adbaa800 nmethod 5156 0x000002d899248510 code [0x000002d8992486a0, 0x000002d8992487f8]
Event: 264.914 Thread 0x000002d8adbaa800 5158       3       sun.java2d.pipe.LCDTextRenderer::drawGlyphList (17 bytes)
Event: 264.915 Thread 0x000002d8adbaa800 nmethod 5158 0x000002d8993e2490 code [0x000002d8993e2640, 0x000002d8993e27c8]
Event: 264.915 Thread 0x000002d8adbaa800 5160       3       sun.awt.image.IntegerInterleavedRaster::<init> (170 bytes)
Event: 264.916 Thread 0x000002d8adbaa800 nmethod 5160 0x000002d899273490 code [0x000002d8992736a0, 0x000002d899273fc8]
Event: 264.917 Thread 0x000002d8adbaa800 5161       3       sun.awt.image.BufImgSurfaceData::createDataIC (75 bytes)
Event: 264.918 Thread 0x000002d8adbaa800 nmethod 5161 0x000002d89918a190 code [0x000002d89918a3c0, 0x000002d89918ae98]
Event: 264.919 Thread 0x000002d8adbaa800 5162       3       java.awt.image.DirectColorModel::getAlphaMask (16 bytes)
Event: 264.919 Thread 0x000002d8adbaa800 nmethod 5162 0x000002d8993e4390 code [0x000002d8993e4520, 0x000002d8993e46b8]
Event: 264.919 Thread 0x000002d8adbaa800 5163  s    3       sun.awt.image.BufImgSurfaceData::getSolidLoops (85 bytes)
Event: 264.920 Thread 0x000002d8adbaa800 nmethod 5163 0x000002d899025010 code [0x000002d899025240, 0x000002d899025c28]
Event: 264.920 Thread 0x000002d8adbaa800 5164       3       java.awt.image.Raster::createPackedRaster (181 bytes)
Event: 264.922 Thread 0x000002d8adbaa800 nmethod 5164 0x000002d898f12b90 code [0x000002d898f12ea0, 0x000002d898f145b8]
Event: 264.923 Thread 0x000002d8adbaa800 5165       3       sun.java2d.SurfaceData::canRenderLCDText (84 bytes)
Event: 264.924 Thread 0x000002d8adbaa800 nmethod 5165 0x000002d8991ee190 code [0x000002d8991ee380, 0x000002d8991eea58]

GC Heap History (20 events):
Event: 187.024 GC heap before
{Heap before GC invocations=41 (full 0):
 garbage-first heap   total 268288K, used 217166K [0x00000000a1e00000, 0x0000000100000000)
  region size 1024K, 60 young (61440K), 7 survivors (7168K)
 Metaspace       used 14257K, capacity 14557K, committed 14720K, reserved 1062912K
  class space    used 1405K, capacity 1546K, committed 1664K, reserved 1048576K
}
Event: 187.058 GC heap after
{Heap after GC invocations=42 (full 0):
 garbage-first heap   total 268288K, used 170073K [0x00000000a1e00000, 0x0000000100000000)
  region size 1024K, 8 young (8192K), 8 survivors (8192K)
 Metaspace       used 14257K, capacity 14557K, committed 14720K, reserved 1062912K
  class space    used 1405K, capacity 1546K, committed 1664K, reserved 1048576K
}
Event: 195.010 GC heap before
{Heap before GC invocations=43 (full 0):
 garbage-first heap   total 286720K, used 220249K [0x00000000a1e00000, 0x0000000100000000)
  region size 1024K, 57 young (58368K), 8 survivors (8192K)
 Metaspace       used 14257K, capacity 14557K, committed 14720K, reserved 1062912K
  class space    used 1405K, capacity 1546K, committed 1664K, reserved 1048576K
}
Event: 195.034 GC heap after
{Heap after GC invocations=44 (full 0):
 garbage-first heap   total 286720K, used 176645K [0x00000000a1e00000, 0x0000000100000000)
  region size 1024K, 7 young (7168K), 7 survivors (7168K)
 Metaspace       used 14257K, capacity 14557K, committed 14720K, reserved 1062912K
  class space    used 1405K, capacity 1546K, committed 1664K, reserved 1048576K
}
Event: 204.564 GC heap before
{Heap before GC invocations=44 (full 0):
 garbage-first heap   total 286720K, used 235013K [0x00000000a1e00000, 0x0000000100000000)
  region size 1024K, 64 young (65536K), 7 survivors (7168K)
 Metaspace       used 14273K, capacity 14557K, committed 14720K, reserved 1062912K
  class space    used 1405K, capacity 1546K, committed 1664K, reserved 1048576K
}
Event: 204.594 GC heap after
{Heap after GC invocations=45 (full 0):
 garbage-first heap   total 286720K, used 190365K [0x00000000a1e00000, 0x0000000100000000)
  region size 1024K, 8 young (8192K), 8 survivors (8192K)
 Metaspace       used 14273K, capacity 14557K, committed 14720K, reserved 1062912K
  class space    used 1405K, capacity 1546K, committed 1664K, reserved 1048576K
}
Event: 209.139 GC heap before
{Heap before GC invocations=46 (full 0):
 garbage-first heap   total 321536K, used 233373K [0x00000000a1e00000, 0x0000000100000000)
  region size 1024K, 50 young (51200K), 8 survivors (8192K)
 Metaspace       used 14273K, capacity 14557K, committed 14720K, reserved 1062912K
  class space    used 1405K, capacity 1546K, committed 1664K, reserved 1048576K
}
Event: 209.164 GC heap after
{Heap after GC invocations=47 (full 0):
 garbage-first heap   total 321536K, used 199449K [0x00000000a1e00000, 0x0000000100000000)
  region size 1024K, 7 young (7168K), 7 survivors (7168K)
 Metaspace       used 14273K, capacity 14557K, committed 14720K, reserved 1062912K
  class space    used 1405K, capacity 1546K, committed 1664K, reserved 1048576K
}
Event: 218.201 GC heap before
{Heap before GC invocations=47 (full 0):
 garbage-first heap   total 321536K, used 258841K [0x00000000a1e00000, 0x0000000100000000)
  region size 1024K, 65 young (66560K), 7 survivors (7168K)
 Metaspace       used 14273K, capacity 14557K, committed 14720K, reserved 1062912K
  class space    used 1405K, capacity 1546K, committed 1664K, reserved 1048576K
}
Event: 218.223 GC heap after
{Heap after GC invocations=48 (full 0):
 garbage-first heap   total 321536K, used 210944K [0x00000000a1e00000, 0x0000000100000000)
  region size 1024K, 9 young (9216K), 9 survivors (9216K)
 Metaspace       used 14273K, capacity 14557K, committed 14720K, reserved 1062912K
  class space    used 1405K, capacity 1546K, committed 1664K, reserved 1048576K
}
Event: 226.115 GC heap before
{Heap before GC invocations=49 (full 0):
 garbage-first heap   total 355328K, used 262144K [0x00000000a1e00000, 0x0000000100000000)
  region size 1024K, 59 young (60416K), 9 survivors (9216K)
 Metaspace       used 14273K, capacity 14557K, committed 14720K, reserved 1062912K
  class space    used 1405K, capacity 1546K, committed 1664K, reserved 1048576K
}
Event: 226.138 GC heap after
{Heap after GC invocations=50 (full 0):
 garbage-first heap   total 355328K, used 218171K [0x00000000a1e00000, 0x0000000100000000)
  region size 1024K, 8 young (8192K), 8 survivors (8192K)
 Metaspace       used 14273K, capacity 14557K, committed 14720K, reserved 1062912K
  class space    used 1405K, capacity 1546K, committed 1664K, reserved 1048576K
}
Event: 226.481 GC heap before
{Heap before GC invocations=50 (full 0):
 garbage-first heap   total 355328K, used 219195K [0x00000000a1e00000, 0x0000000100000000)
  region size 1024K, 10 young (10240K), 8 survivors (8192K)
 Metaspace       used 14273K, capacity 14557K, committed 14720K, reserved 1062912K
  class space    used 1405K, capacity 1546K, committed 1664K, reserved 1048576K
}
Event: 226.486 GC heap after
{Heap after GC invocations=51 (full 0):
 garbage-first heap   total 355328K, used 218736K [0x00000000a1e00000, 0x0000000100000000)
  region size 1024K, 1 young (1024K), 1 survivors (1024K)
 Metaspace       used 14273K, capacity 14557K, committed 14720K, reserved 1062912K
  class space    used 1405K, capacity 1546K, committed 1664K, reserved 1048576K
}
Event: 227.099 GC heap before
{Heap before GC invocations=52 (full 0):
 garbage-first heap   total 372736K, used 223856K [0x00000000a1e00000, 0x0000000100000000)
  region size 1024K, 5 young (5120K), 1 survivors (1024K)
 Metaspace       used 14291K, capacity 14621K, committed 14976K, reserved 1062912K
  class space    used 1407K, capacity 1546K, committed 1664K, reserved 1048576K
}
Event: 227.107 GC heap after
{Heap after GC invocations=53 (full 0):
 garbage-first heap   total 372736K, used 220285K [0x00000000a1e00000, 0x0000000100000000)
  region size 1024K, 1 young (1024K), 1 survivors (1024K)
 Metaspace       used 14291K, capacity 14621K, committed 14976K, reserved 1062912K
  class space    used 1407K, capacity 1546K, committed 1664K, reserved 1048576K
}
Event: 251.067 GC heap before
{Heap before GC invocations=54 (full 0):
 garbage-first heap   total 375808K, used 305277K [0x00000000a1e00000, 0x0000000100000000)
  region size 1024K, 82 young (83968K), 1 survivors (1024K)
 Metaspace       used 14327K, capacity 14621K, committed 14976K, reserved 1062912K
  class space    used 1410K, capacity 1546K, committed 1664K, reserved 1048576K
}
Event: 251.124 GC heap after
{Heap after GC invocations=55 (full 0):
 garbage-first heap   total 375808K, used 235603K [0x00000000a1e00000, 0x0000000100000000)
  region size 1024K, 11 young (11264K), 11 survivors (11264K)
 Metaspace       used 14327K, capacity 14621K, committed 14976K, reserved 1062912K
  class space    used 1410K, capacity 1546K, committed 1664K, reserved 1048576K
}
Event: 264.248 GC heap before
{Heap before GC invocations=55 (full 0):
 garbage-first heap   total 375808K, used 303187K [0x00000000a1e00000, 0x0000000100000000)
  region size 1024K, 77 young (78848K), 11 survivors (11264K)
 Metaspace       used 14327K, capacity 14621K, committed 14976K, reserved 1062912K
  class space    used 1410K, capacity 1546K, committed 1664K, reserved 1048576K
}
Event: 264.288 GC heap after
{Heap after GC invocations=56 (full 0):
 garbage-first heap   total 375808K, used 242303K [0x00000000a1e00000, 0x0000000100000000)
  region size 1024K, 9 young (9216K), 9 survivors (9216K)
 Metaspace       used 14327K, capacity 14621K, committed 14976K, reserved 1062912K
  class space    used 1410K, capacity 1546K, committed 1664K, reserved 1048576K
}

Deoptimization events (20 events):
Event: 229.899 Thread 0x000002d8ae51a800 DEOPT PACKING pc=0x000002d8a0694934 sp=0x000000f0e93ff1e0
Event: 229.899 Thread 0x000002d8ae51a800 DEOPT UNPACKING pc=0x000002d89867912f sp=0x000000f0e93ff048 mode 2
Event: 238.049 Thread 0x000002d8af9e3800 DEOPT PACKING pc=0x000002d898d20079 sp=0x000000f0e95fee70
Event: 238.051 Thread 0x000002d8af9e3800 DEOPT UNPACKING pc=0x000002d89867964e sp=0x000000f0e95fe410 mode 0
Event: 238.343 Thread 0x000002d8af9e3800 DEOPT PACKING pc=0x000002d898d20079 sp=0x000000f0e95fee70
Event: 238.343 Thread 0x000002d8af9e3800 DEOPT UNPACKING pc=0x000002d89867964e sp=0x000000f0e95fe410 mode 0
Event: 238.844 Thread 0x000002d8af9e3800 DEOPT PACKING pc=0x000002d898d20079 sp=0x000000f0e95fee70
Event: 238.844 Thread 0x000002d8af9e3800 DEOPT UNPACKING pc=0x000002d89867964e sp=0x000000f0e95fe410 mode 0
Event: 239.175 Thread 0x000002d8af9e3800 DEOPT PACKING pc=0x000002d898d20079 sp=0x000000f0e95fee70
Event: 239.175 Thread 0x000002d8af9e3800 DEOPT UNPACKING pc=0x000002d89867964e sp=0x000000f0e95fe410 mode 0
Event: 239.819 Thread 0x000002d8af9e3800 DEOPT PACKING pc=0x000002d898d20079 sp=0x000000f0e95fee70
Event: 239.819 Thread 0x000002d8af9e3800 DEOPT UNPACKING pc=0x000002d89867964e sp=0x000000f0e95fe410 mode 0
Event: 264.289 Thread 0x000002d8ae51a800 Uncommon trap: trap_request=0xfffffff4 fr.pc=0x000002d8a0369840 relative=0x0000000000005f00
Event: 264.289 Thread 0x000002d8ae51a800 Uncommon trap: reason=null_check action=make_not_entrant pc=0x000002d8a0369840 method=javax.swing.text.StyleContext$SmallAttributeSet.equals(Ljava/lang/Object;)Z @ 1 c2
Event: 264.290 Thread 0x000002d8ae51a800 DEOPT PACKING pc=0x000002d8a0369840 sp=0x000000f0e93fe310
Event: 264.290 Thread 0x000002d8ae51a800 DEOPT UNPACKING pc=0x000002d89867912f sp=0x000000f0e93fdff8 mode 2
Event: 264.352 Thread 0x000002d8ae51a800 Uncommon trap: trap_request=0xffffff45 fr.pc=0x000002d8a06683b4 relative=0x0000000000001f54
Event: 264.352 Thread 0x000002d8ae51a800 Uncommon trap: reason=unstable_if action=reinterpret pc=0x000002d8a06683b4 method=sun.java2d.d3d.D3DScreenUpdateManager.removeGdiSurface(Lsun/java2d/d3d/D3DSurfaceData$D3DWindowSurfaceData;)V @ 4 c2
Event: 264.352 Thread 0x000002d8ae51a800 DEOPT PACKING pc=0x000002d8a06683b4 sp=0x000000f0e93fe300
Event: 264.352 Thread 0x000002d8ae51a800 DEOPT UNPACKING pc=0x000002d89867912f sp=0x000000f0e93fe1a8 mode 2

Classes unloaded (0 events):
No events

Classes redefined (0 events):
No events

Internal exceptions (20 events):
Event: 0.669 Thread 0x000002d8af3d5800 Exception <a 'java/lang/NoSuchMethodError'{0x00000000a7715a20}: 'int java.lang.invoke.DirectMethodHandle$Holder.invokeSpecialIFC(java.lang.Object, java.lang.Object, int)'> (0x00000000a7715a20) 
thrown [./open/src/hotspot/share/interpreter/linkResolver.cpp, line 766]
Event: 0.723 Thread 0x000002d8af3d5800 Implicit null exception at 0x000002d8a0137c98 to 0x000002d8a0138064
Event: 8.546 Thread 0x000002d8af3d5800 Implicit null exception at 0x000002d8a01b37c7 to 0x000002d8a01b3df9
Event: 8.546 Thread 0x000002d8af3d5800 Implicit null exception at 0x000002d8a01b1ad5 to 0x000002d8a01b223c
Event: 8.546 Thread 0x000002d8af3d5800 Implicit null exception at 0x000002d8a01b37c7 to 0x000002d8a01b3df9
Event: 8.547 Thread 0x000002d8af3d5800 Implicit null exception at 0x000002d8a01b1ad5 to 0x000002d8a01b223c
Event: 8.547 Thread 0x000002d8af3d5800 Implicit null exception at 0x000002d8a01b37c7 to 0x000002d8a01b3df9
Event: 12.525 Thread 0x000002d8af3d5800 Implicit null exception at 0x000002d8a01d369e to 0x000002d8a01d5d84
Event: 59.095 Thread 0x000002d8af3d5800 Implicit null exception at 0x000002d8a04cf9cb to 0x000002d8a04d1598
Event: 59.095 Thread 0x000002d8af3d5800 Implicit null exception at 0x000002d8a0123a0b to 0x000002d8a0124259
Event: 226.498 Thread 0x000002d8af3d5800 Implicit null exception at 0x000002d8a0241332 to 0x000002d8a0242c90
Event: 226.499 Thread 0x000002d8af3d5800 Implicit null exception at 0x000002d8a01f60d3 to 0x000002d8a01f64f0
Event: 226.578 Thread 0x000002d8af3d5800 Implicit null exception at 0x000002d8a03fe880 to 0x000002d8a0405040
Event: 226.586 Thread 0x000002d8af3d5800 Implicit null exception at 0x000002d8a04d4cfb to 0x000002d8a04d6494
Event: 226.593 Thread 0x000002d8af3d5800 Implicit null exception at 0x000002d8a036f14f to 0x000002d8a036f5b3
Event: 227.135 Thread 0x000002d8af3d5800 Implicit null exception at 0x000002d8a0258be7 to 0x000002d8a0258d41
Event: 227.135 Thread 0x000002d8af3d5800 Implicit null exception at 0x000002d8a02593eb to 0x000002d8a0259545
Event: 227.143 Thread 0x000002d8af3d5800 Implicit null exception at 0x000002d8a023cb2f to 0x000002d8a023ded0
Event: 229.899 Thread 0x000002d8ae51a800 Implicit null exception at 0x000002d8a0692d91 to 0x000002d8a06948fc
Event: 264.289 Thread 0x000002d8ae51a800 Implicit null exception at 0x000002d8a0364eb5 to 0x000002d8a0369810

Events (20 events):
Event: 228.776 Executing VM operation: HandshakeOneThread done
Event: 228.779 Executing VM operation: HandshakeOneThread
Event: 228.779 Executing VM operation: HandshakeOneThread done
Event: 228.781 Executing VM operation: HandshakeOneThread
Event: 228.781 Executing VM operation: HandshakeOneThread done
Event: 228.784 Executing VM operation: HandshakeOneThread
Event: 228.784 Executing VM operation: HandshakeOneThread done
Event: 228.786 Executing VM operation: HandshakeOneThread
Event: 228.786 Executing VM operation: HandshakeOneThread done
Event: 228.788 Executing VM operation: HandshakeOneThread
Event: 228.788 Executing VM operation: HandshakeOneThread done
Event: 228.792 Executing VM operation: HandshakeOneThread
Event: 228.792 Executing VM operation: HandshakeOneThread done
Event: 228.794 Executing VM operation: BulkRevokeBias
Event: 228.794 Executing VM operation: BulkRevokeBias done
Event: 251.066 Executing VM operation: G1CollectForAllocation
Event: 251.124 Executing VM operation: G1CollectForAllocation done
Event: 264.248 Executing VM operation: G1CollectForAllocation
Event: 264.288 Executing VM operation: G1CollectForAllocation done
Event: 264.946 Executing VM operation: G1Concurrent


Dynamic libraries:
0x00007ff667010000 - 0x00007ff66701f000 	C:\Program Files\Java\jdk-14.0.1\bin\java.exe
0x00007ffb6adc0000 - 0x00007ffb6afb0000 	C:\Windows\SYSTEM32\ntdll.dll
0x00007ffb690f0000 - 0x00007ffb691a2000 	C:\Windows\System32\KERNEL32.DLL
0x00007ffb67f30000 - 0x00007ffb681d4000 	C:\Windows\System32\KERNELBASE.dll
0x00007ffb68410000 - 0x00007ffb6850a000 	C:\Windows\System32\ucrtbase.dll
0x00007ffb61720000 - 0x00007ffb61738000 	C:\Program Files\Java\jdk-14.0.1\bin\jli.dll
0x00007ffb5a4f0000 - 0x00007ffb5a505000 	C:\Program Files\Java\jdk-14.0.1\bin\VCRUNTIME140.dll
0x00007ffb6acd0000 - 0x00007ffb6ad73000 	C:\Windows\System32\ADVAPI32.dll
0x00007ffb69d50000 - 0x00007ffb69dee000 	C:\Windows\System32\msvcrt.dll
0x00007ffb69050000 - 0x00007ffb690e7000 	C:\Windows\System32\sechost.dll
0x00007ffb6abb0000 - 0x00007ffb6acd0000 	C:\Windows\System32\RPCRT4.dll
0x00007ffb69e70000 - 0x00007ffb6a005000 	C:\Windows\System32\USER32.dll
0x00007ffb683e0000 - 0x00007ffb68401000 	C:\Windows\System32\win32u.dll
0x00007ffb5d5f0000 - 0x00007ffb5d874000 	C:\Windows\WinSxS\amd64_microsoft.windows.common-controls_6595b64144ccf1df_6.0.18362.1016_none_9e7a36bbe461dae4\COMCTL32.dll
0x00007ffb6a1e0000 - 0x00007ffb6a206000 	C:\Windows\System32\GDI32.dll
0x00007ffb696a0000 - 0x00007ffb699d5000 	C:\Windows\System32\combase.dll
0x00007ffb681e0000 - 0x00007ffb68376000 	C:\Windows\System32\gdi32full.dll
0x00007ffb685c0000 - 0x00007ffb68640000 	C:\Windows\System32\bcryptPrimitives.dll
0x00007ffb67d40000 - 0x00007ffb67dde000 	C:\Windows\System32\msvcp_win.dll
0x00007ffb5f730000 - 0x00007ffb5f73a000 	C:\Windows\SYSTEM32\VERSION.dll
0x00007ffb6a2e0000 - 0x00007ffb6a30e000 	C:\Windows\System32\IMM32.DLL
0x00007ffb35000000 - 0x00007ffb3509b000 	C:\Program Files\Java\jdk-14.0.1\bin\msvcp140.dll
0x00007ffb20030000 - 0x00007ffb20b4e000 	C:\Program Files\Java\jdk-14.0.1\bin\server\jvm.dll
0x00007ffb68e70000 - 0x00007ffb68e78000 	C:\Windows\System32\PSAPI.DLL
0x00007ffb5d940000 - 0x00007ffb5d949000 	C:\Windows\SYSTEM32\WSOCK32.dll
0x00007ffb65430000 - 0x00007ffb65454000 	C:\Windows\SYSTEM32\WINMM.dll
0x00007ffb699e0000 - 0x00007ffb69a4f000 	C:\Windows\System32\WS2_32.dll
0x00007ffb65220000 - 0x00007ffb6524d000 	C:\Windows\SYSTEM32\winmmbase.dll
0x00007ffb68dd0000 - 0x00007ffb68e1a000 	C:\Windows\System32\cfgmgr32.dll
0x00007ffb67c80000 - 0x00007ffb67c91000 	C:\Windows\System32\kernel.appcore.dll
0x00007ffb617a0000 - 0x00007ffb617aa000 	C:\Program Files\Java\jdk-14.0.1\bin\jimage.dll
0x00007ffb66660000 - 0x00007ffb66854000 	C:\Windows\SYSTEM32\DBGHELP.DLL
0x00007ffb5ee30000 - 0x00007ffb5ee5a000 	C:\Windows\SYSTEM32\dbgcore.DLL
0x00007ffb39b70000 - 0x00007ffb39b95000 	C:\Program Files\Java\jdk-14.0.1\bin\java.dll
0x00007ffb58a40000 - 0x00007ffb58a56000 	C:\Program Files\Java\jdk-14.0.1\bin\zip.dll
0x00007ffb6a4c0000 - 0x00007ffb6aba7000 	C:\Windows\System32\SHELL32.dll
0x00007ffb68ef0000 - 0x00007ffb68f99000 	C:\Windows\System32\shcore.dll
0x00007ffb68640000 - 0x00007ffb68dc2000 	C:\Windows\System32\windows.storage.dll
0x00007ffb67cc0000 - 0x00007ffb67ce3000 	C:\Windows\System32\profapi.dll
0x00007ffb67cf0000 - 0x00007ffb67d3a000 	C:\Windows\System32\powrprof.dll
0x00007ffb67c70000 - 0x00007ffb67c80000 	C:\Windows\System32\UMPDC.dll
0x00007ffb69cf0000 - 0x00007ffb69d42000 	C:\Windows\System32\shlwapi.dll
0x00007ffb68e50000 - 0x00007ffb68e67000 	C:\Windows\System32\cryptsp.dll
0x00007ffb56f60000 - 0x00007ffb56f79000 	C:\Program Files\Java\jdk-14.0.1\bin\net.dll
0x00007ffb60910000 - 0x00007ffb60a00000 	C:\Windows\SYSTEM32\WINHTTP.dll
0x00007ffb67470000 - 0x00007ffb674d7000 	C:\Windows\system32\mswsock.dll
0x00007ffb47c40000 - 0x00007ffb47c52000 	C:\Program Files\Java\jdk-14.0.1\bin\nio.dll
0x00007ffb1d3d0000 - 0x00007ffb1d568000 	C:\Program Files\Java\jdk-14.0.1\bin\awt.dll
0x00007ffb69c20000 - 0x00007ffb69ce5000 	C:\Windows\System32\OLEAUT32.dll
0x00007ffb65ab0000 - 0x00007ffb65b3f000 	C:\Windows\SYSTEM32\apphelp.dll
0x00007ffb65c70000 - 0x00007ffb65d09000 	C:\Windows\system32\uxtheme.dll
0x00007ffb69ae0000 - 0x00007ffb69c15000 	C:\Windows\System32\MSCTF.dll
0x00007ffb6a010000 - 0x00007ffb6a167000 	C:\Windows\System32\ole32.dll
0x00007ffb65d60000 - 0x00007ffb65d8d000 	C:\Windows\system32\DWMAPI.DLL
0x00007ffb34b30000 - 0x00007ffb34bb2000 	C:\Program Files\Java\jdk-14.0.1\bin\freetype.dll
0x00007ffb32930000 - 0x00007ffb329d6000 	C:\Program Files\Java\jdk-14.0.1\bin\fontmanager.dll
0x00007ffb2c250000 - 0x00007ffb2c3a6000 	C:\Windows\system32\opengl32.dll
0x00007ffb345b0000 - 0x00007ffb345dc000 	C:\Windows\SYSTEM32\GLU32.dll
0x00007ffb668d0000 - 0x00007ffb668f0000 	C:\Windows\SYSTEM32\dxcore.dll
0x00007ffb5b900000 - 0x00007ffb5bac7000 	C:\Windows\system32\d3d9.dll
0x00007ffb611f0000 - 0x00007ffb613c8000 	C:\Windows\System32\DriverStore\FileRepository\u0356232.inf_amd64_16a64c116234c4dc\B354183\aticfx64.dll
0x00007ffb5c540000 - 0x00007ffb5c571000 	C:\Windows\System32\DriverStore\FileRepository\u0356232.inf_amd64_16a64c116234c4dc\B354183\atiu9p64.dll
0x00007ffb152d0000 - 0x00007ffb15f3a000 	C:\Windows\System32\DriverStore\FileRepository\u0356232.inf_amd64_16a64c116234c4dc\B354183\atiumd64.dll
0x0000000071530000 - 0x00000000722d5000 	C:\Windows\System32\DriverStore\FileRepository\u0356232.inf_amd64_16a64c116234c4dc\B354183\atiumd6a.dll
0x00007ffb68fa0000 - 0x00007ffb69042000 	C:\Windows\System32\clbcatq.dll
0x00007ffb63470000 - 0x00007ffb6361f000 	C:\Windows\SYSTEM32\WindowsCodecs.dll
0x00007ffb5f0b0000 - 0x00007ffb5f0ea000 	C:\Windows\system32\dataexchange.dll
0x00007ffb65250000 - 0x00007ffb6542d000 	C:\Windows\system32\dcomp.dll
0x00007ffb64b60000 - 0x00007ffb64dbb000 	C:\Windows\system32\d3d11.dll
0x00007ffb66960000 - 0x00007ffb66a4b000 	C:\Windows\system32\dxgi.dll
0x00007ffb65d90000 - 0x00007ffb65ff2000 	C:\Windows\system32\twinapi.appcore.dll
0x00007ffb66280000 - 0x00007ffb662a9000 	C:\Windows\system32\RMCLIENT.dll
0x00007ffb61780000 - 0x00007ffb61790000 	C:\Program Files\Java\jdk-14.0.1\bin\verify.dll
0x0000000069340000 - 0x00000000693c5000 	C:\Users\fortu\AppData\Local\Temp\sqlite-3.7.2-sqlitejdbc.dll
0x00007ffb57c30000 - 0x00007ffb57cce000 	C:\Windows\System32\TextInputFramework.dll
0x00007ffb63c50000 - 0x00007ffb63f7a000 	C:\Windows\System32\CoreUIComponents.dll
0x00007ffb65460000 - 0x00007ffb65534000 	C:\Windows\System32\CoreMessaging.dll
0x00007ffb63a70000 - 0x00007ffb63bc3000 	C:\Windows\SYSTEM32\wintypes.dll
0x00007ffb66cc0000 - 0x00007ffb66cf1000 	C:\Windows\SYSTEM32\ntmarta.dll
0x00007ffb56050000 - 0x00007ffb562f6000 	C:\Windows\System32\iertutil.dll

dbghelp: loaded successfully - version: 4.0.5 - missing functions: none
symbol engine: initialized successfully - sym options: 0x614 - pdb path: .;C:\Program Files\Java\jdk-14.0.1\bin;C:\Windows\SYSTEM32;C:\Windows\WinSxS\amd64_microsoft.windows.common-controls_6595b64144ccf1df_6.0.18362.1016_none_9e7a36bbe461dae4;C:\Program Files\Java\jdk-14.0.1\bin\server;C:\Windows\System32\DriverStore\FileRepository\u0356232.inf_amd64_16a64c116234c4dc\B354183;C:\Users\fortu\AppData\Local\Temp

VM Arguments:
jvm_args: -Dfile.encoding=UTF-8 
java_command: bank.Authentication
java_class_path (initial): D:\downloads\sqlite-jdbc-3.7.2.jar;D:\downloads\jcalendar_1.0.0.jar;D:\downloads\jcalendar-1.4.jar;D:\downloads\JTattoo-1.6.11.jar;C:\Users\fortu\OneDrive\Documents\NetBeansProjects\bank3\build\classes
Launcher Type: SUN_STANDARD

[Global flags]
     intx CICompilerCount                          = 4                                         {product} {ergonomic}
     uint ConcGCThreads                            = 2                                         {product} {ergonomic}
     uint G1ConcRefinementThreads                  = 8                                         {product} {ergonomic}
   size_t G1HeapRegionSize                         = 1048576                                   {product} {ergonomic}
    uintx GCDrainStackTargetSize                   = 64                                        {product} {ergonomic}
   size_t InitialHeapSize                          = 100663296                                 {product} {ergonomic}
   size_t MarkStackSize                            = 4194304                                   {product} {ergonomic}
   size_t MaxHeapSize                              = 1579155456                                {product} {ergonomic}
   size_t MaxNewSize                               = 946864128                                 {product} {ergonomic}
   size_t MinHeapDeltaBytes                        = 1048576                                   {product} {ergonomic}
   size_t MinHeapSize                              = 8388608                                   {product} {ergonomic}
    uintx NonNMethodCodeHeapSize                   = 5839372                                {pd product} {ergonomic}
    uintx NonProfiledCodeHeapSize                  = 122909434                              {pd product} {ergonomic}
    uintx ProfiledCodeHeapSize                     = 122909434                              {pd product} {ergonomic}
    uintx ReservedCodeCacheSize                    = 251658240                              {pd product} {ergonomic}
     bool SegmentedCodeCache                       = true                                      {product} {ergonomic}
   size_t SoftMaxHeapSize                          = 1579155456                             {manageable} {ergonomic}
     bool UseCompressedClassPointers               = true                                 {lp64_product} {ergonomic}
     bool UseCompressedOops                        = true                                 {lp64_product} {ergonomic}
     bool UseG1GC                                  = true                                      {product} {ergonomic}
     bool UseLargePagesIndividualAllocation        = false                                  {pd product} {ergonomic}

Logging:
Log output configuration:
 #0: stdout all=warning uptime,level,tags
 #1: stderr all=off uptime,level,tags

Environment Variables:
PATH=C:\Windows\system32;C:\Windows;C:\Windows\System32\Wbem;C:\Windows\System32\WindowsPowerShell\v1.0\;C:\Windows\System32\OpenSSH\;C:\Program Files\Java\jdk-14.0.1\bin;C:\Users\fortu\AppData\Local\Microsoft\WindowsApps;C:\Program Files\swipl\bin
USERNAME=fortu
OS=Windows_NT
PROCESSOR_IDENTIFIER=AMD64 Family 23 Model 24 Stepping 1, AuthenticAMD



---------------  S Y S T E M  ---------------

OS: Windows 10 , 64 bit Build 18362 (10.0.18362.959)
OS uptime: 11 days 2:08 hours

CPU:total 8 (initial active 8) (8 cores per cpu, 2 threads per core) family 23 model 24 stepping 1, cmov, cx8, fxsr, mmx, sse, sse2, sse3, ssse3, sse4.1, sse4.2, popcnt, avx, avx2, aes, clmul, mmxext, 3dnowpref, lzcnt, sse4a, ht, tsc, tscinvbit, tscinv, bmi1, bmi2, adx, sha, fma

Memory: 4k page, system-wide physical 6020M (354M free)
TotalPageFile size 21123M (AvailPageFile size 10M)
current process WorkingSet (physical memory assigned to process): 905M, peak: 2192M
current process commit charge ("private bytes"): 3993M, peak: 4040M

vm_info: Java HotSpot(TM) 64-Bit Server VM (14.0.1+7) for windows-amd64 JRE (14.0.1+7), built on Mar  5 2020 10:30:14 by "mach5one" with MS VC++ 15.9 (VS2017)

END.
